2023-01-01 15:17:54,250 - INFO - Starting export!
2023-01-01 15:17:54,734 - INFO - Exporting hub "Mattiolo"
2023-01-01 15:17:55,122 - INFO - Exporting project "Paolo"
2023-01-01 15:17:55,874 - INFO - Exporting file "13cm_holder"
2023-01-01 15:17:58,769 - INFO - Writing to "C:/Users/paolo/src/3d/from_fusion_360\Hub Mattiolo\Project Paolo\Paolo\13cmholder.f3d"
2023-01-01 15:17:59,040 - INFO - Writing component "13cm_holder v3" to "C:/Users/paolo/src/3d/from_fusion_360\Hub Mattiolo\Project Paolo\Paolo\13cmholder.f3d"
2023-01-01 15:17:59,040 - INFO - Writing step file "C:/Users/paolo/src/3d/from_fusion_360\Hub Mattiolo\Project Paolo\Paolo\13cmholder.f3d\13cmholder v3.stp"
2023-01-01 15:18:00,365 - INFO - Writing stl file "C:/Users/paolo/src/3d/from_fusion_360\Hub Mattiolo\Project Paolo\Paolo\13cmholder.f3d\13cmholder v3.stl"
2023-01-01 15:18:01,170 - INFO - Writing stl body file "C:/Users/paolo/src/3d/from_fusion_360\Hub Mattiolo\Project Paolo\Paolo\13cmholder.f3d\13cmholder v3\Body1.stl"
2023-01-01 15:18:01,753 - INFO - Writing iges file "C:/Users/paolo/src/3d/from_fusion_360\Hub Mattiolo\Project Paolo\Paolo\13cmholder.f3d\13cmholder v3.igs"
2023-01-01 15:18:02,468 - INFO - Writing dxf sketch file "C:/Users/paolo/src/3d/from_fusion_360\Hub Mattiolo\Project Paolo\Paolo\13cmholder.f3d\13cmholder v3\Sketch1.dxf"
2023-01-01 15:18:02,596 - INFO - Writing dxf sketch file "C:/Users/paolo/src/3d/from_fusion_360\Hub Mattiolo\Project Paolo\Paolo\13cmholder.f3d\13cmholder v3\Sketch3.dxf"
2023-01-01 15:18:02,616 - INFO - Writing dxf sketch file "C:/Users/paolo/src/3d/from_fusion_360\Hub Mattiolo\Project Paolo\Paolo\13cmholder.f3d\13cmholder v3\Sketch6.dxf"
2023-01-01 15:18:02,619 - INFO - Writing dxf sketch file "C:/Users/paolo/src/3d/from_fusion_360\Hub Mattiolo\Project Paolo\Paolo\13cmholder.f3d\13cmholder v3\Sketch7.dxf"
2023-01-01 15:18:02,637 - INFO - Finished exporting file "13cm_holder"
2023-01-01 15:18:02,980 - INFO - Exporting file "13cm_holder_2"
2023-01-01 15:18:04,579 - INFO - Writing to "C:/Users/paolo/src/3d/from_fusion_360\Hub Mattiolo\Project Paolo\Paolo\13cmholder2.f3d"
2023-01-01 15:18:04,724 - INFO - Writing component "13cm_holder_2 v3" to "C:/Users/paolo/src/3d/from_fusion_360\Hub Mattiolo\Project Paolo\Paolo\13cmholder2.f3d"
2023-01-01 15:18:04,724 - INFO - Writing step file "C:/Users/paolo/src/3d/from_fusion_360\Hub Mattiolo\Project Paolo\Paolo\13cmholder2.f3d\13cmholder2 v3.stp"
2023-01-01 15:18:05,368 - INFO - Writing stl file "C:/Users/paolo/src/3d/from_fusion_360\Hub Mattiolo\Project Paolo\Paolo\13cmholder2.f3d\13cmholder2 v3.stl"
2023-01-01 15:18:05,960 - INFO - Writing stl body file "C:/Users/paolo/src/3d/from_fusion_360\Hub Mattiolo\Project Paolo\Paolo\13cmholder2.f3d\13cmholder2 v3\Body1.stl"
2023-01-01 15:18:06,508 - INFO - Writing iges file "C:/Users/paolo/src/3d/from_fusion_360\Hub Mattiolo\Project Paolo\Paolo\13cmholder2.f3d\13cmholder2 v3.igs"
2023-01-01 15:18:07,101 - INFO - Writing dxf sketch file "C:/Users/paolo/src/3d/from_fusion_360\Hub Mattiolo\Project Paolo\Paolo\13cmholder2.f3d\13cmholder2 v3\Sketch1.dxf"
2023-01-01 15:18:07,104 - INFO - Writing dxf sketch file "C:/Users/paolo/src/3d/from_fusion_360\Hub Mattiolo\Project Paolo\Paolo\13cmholder2.f3d\13cmholder2 v3\Sketch6.dxf"
2023-01-01 15:18:07,110 - INFO - Writing dxf sketch file "C:/Users/paolo/src/3d/from_fusion_360\Hub Mattiolo\Project Paolo\Paolo\13cmholder2.f3d\13cmholder2 v3\Sketch7.dxf"
2023-01-01 15:18:07,112 - INFO - Writing dxf sketch file "C:/Users/paolo/src/3d/from_fusion_360\Hub Mattiolo\Project Paolo\Paolo\13cmholder2.f3d\13cmholder2 v3\Sketch8.dxf"
2023-01-01 15:18:07,116 - INFO - Finished exporting file "13cm_holder_2"
2023-01-01 15:18:07,442 - INFO - Exporting file "Antenna_stand_end"
2023-01-01 15:18:10,883 - INFO - Writing to "C:/Users/paolo/src/3d/from_fusion_360\Hub Mattiolo\Project Paolo\Paolo\Antennastandend.f3d"
2023-01-01 15:18:11,006 - INFO - Writing component "Antenna_stand_end v3" to "C:/Users/paolo/src/3d/from_fusion_360\Hub Mattiolo\Project Paolo\Paolo\Antennastandend.f3d"
2023-01-01 15:18:11,007 - INFO - Writing step file "C:/Users/paolo/src/3d/from_fusion_360\Hub Mattiolo\Project Paolo\Paolo\Antennastandend.f3d\Antennastandend v3.stp"
2023-01-01 15:18:11,622 - INFO - Writing stl file "C:/Users/paolo/src/3d/from_fusion_360\Hub Mattiolo\Project Paolo\Paolo\Antennastandend.f3d\Antennastandend v3.stl"
2023-01-01 15:18:12,114 - INFO - Writing stl body file "C:/Users/paolo/src/3d/from_fusion_360\Hub Mattiolo\Project Paolo\Paolo\Antennastandend.f3d\Antennastandend v3\Body1.stl"
2023-01-01 15:18:12,620 - INFO - Writing iges file "C:/Users/paolo/src/3d/from_fusion_360\Hub Mattiolo\Project Paolo\Paolo\Antennastandend.f3d\Antennastandend v3.igs"
2023-01-01 15:18:13,084 - INFO - Writing dxf sketch file "C:/Users/paolo/src/3d/from_fusion_360\Hub Mattiolo\Project Paolo\Paolo\Antennastandend.f3d\Antennastandend v3\Sketch1.dxf"
2023-01-01 15:18:13,086 - INFO - Finished exporting file "Antenna_stand_end"
2023-01-01 15:18:13,396 - INFO - Exporting file "antenna_tripod"
2023-01-01 15:18:16,975 - INFO - Writing to "C:/Users/paolo/src/3d/from_fusion_360\Hub Mattiolo\Project Paolo\Paolo\antennatripod.f3d"
2023-01-01 15:18:17,092 - INFO - Writing component "antenna_tripod v4" to "C:/Users/paolo/src/3d/from_fusion_360\Hub Mattiolo\Project Paolo\Paolo\antennatripod.f3d"
2023-01-01 15:18:17,093 - INFO - Writing step file "C:/Users/paolo/src/3d/from_fusion_360\Hub Mattiolo\Project Paolo\Paolo\antennatripod.f3d\antennatripod v4.stp"
2023-01-01 15:18:17,742 - INFO - Writing stl file "C:/Users/paolo/src/3d/from_fusion_360\Hub Mattiolo\Project Paolo\Paolo\antennatripod.f3d\antennatripod v4.stl"
2023-01-01 15:18:18,287 - INFO - Writing stl body file "C:/Users/paolo/src/3d/from_fusion_360\Hub Mattiolo\Project Paolo\Paolo\antennatripod.f3d\antennatripod v4\Body1.stl"
2023-01-01 15:18:18,806 - INFO - Writing iges file "C:/Users/paolo/src/3d/from_fusion_360\Hub Mattiolo\Project Paolo\Paolo\antennatripod.f3d\antennatripod v4.igs"
2023-01-01 15:18:19,312 - INFO - Writing dxf sketch file "C:/Users/paolo/src/3d/from_fusion_360\Hub Mattiolo\Project Paolo\Paolo\antennatripod.f3d\antennatripod v4\Sketch1.dxf"
2023-01-01 15:18:19,315 - INFO - Writing dxf sketch file "C:/Users/paolo/src/3d/from_fusion_360\Hub Mattiolo\Project Paolo\Paolo\antennatripod.f3d\antennatripod v4\Sketch5.dxf"
2023-01-01 15:18:19,319 - INFO - Finished exporting file "antenna_tripod"
2023-01-01 15:18:19,649 - INFO - Exporting file "band_labels"
2023-01-01 15:18:24,095 - INFO - Writing to "C:/Users/paolo/src/3d/from_fusion_360\Hub Mattiolo\Project Paolo\Paolo\bandlabels.f3d"
2023-01-01 15:18:24,460 - INFO - Writing component "band_labels v3" to "C:/Users/paolo/src/3d/from_fusion_360\Hub Mattiolo\Project Paolo\Paolo\bandlabels.f3d"
2023-01-01 15:18:24,460 - INFO - Writing step file "C:/Users/paolo/src/3d/from_fusion_360\Hub Mattiolo\Project Paolo\Paolo\bandlabels.f3d\bandlabels v3.stp"
2023-01-01 15:18:25,220 - INFO - Writing stl file "C:/Users/paolo/src/3d/from_fusion_360\Hub Mattiolo\Project Paolo\Paolo\bandlabels.f3d\bandlabels v3.stl"
2023-01-01 15:18:25,897 - INFO - Writing stl body file "C:/Users/paolo/src/3d/from_fusion_360\Hub Mattiolo\Project Paolo\Paolo\bandlabels.f3d\bandlabels v3\Body2.stl"
2023-01-01 15:18:26,412 - INFO - Writing stl body file "C:/Users/paolo/src/3d/from_fusion_360\Hub Mattiolo\Project Paolo\Paolo\bandlabels.f3d\bandlabels v3\Body3.stl"
2023-01-01 15:18:26,905 - INFO - Writing stl body file "C:/Users/paolo/src/3d/from_fusion_360\Hub Mattiolo\Project Paolo\Paolo\bandlabels.f3d\bandlabels v3\Body4.stl"
2023-01-01 15:18:27,417 - INFO - Writing stl body file "C:/Users/paolo/src/3d/from_fusion_360\Hub Mattiolo\Project Paolo\Paolo\bandlabels.f3d\bandlabels v3\Body5.stl"
2023-01-01 15:18:27,887 - INFO - Writing stl body file "C:/Users/paolo/src/3d/from_fusion_360\Hub Mattiolo\Project Paolo\Paolo\bandlabels.f3d\bandlabels v3\Body6.stl"
2023-01-01 15:18:28,389 - INFO - Writing stl body file "C:/Users/paolo/src/3d/from_fusion_360\Hub Mattiolo\Project Paolo\Paolo\bandlabels.f3d\bandlabels v3\Body7.stl"
2023-01-01 15:18:28,890 - INFO - Writing stl body file "C:/Users/paolo/src/3d/from_fusion_360\Hub Mattiolo\Project Paolo\Paolo\bandlabels.f3d\bandlabels v3\Body8.stl"
2023-01-01 15:18:29,370 - INFO - Writing iges file "C:/Users/paolo/src/3d/from_fusion_360\Hub Mattiolo\Project Paolo\Paolo\bandlabels.f3d\bandlabels v3.igs"
2023-01-01 15:18:30,055 - INFO - Writing dxf sketch file "C:/Users/paolo/src/3d/from_fusion_360\Hub Mattiolo\Project Paolo\Paolo\bandlabels.f3d\bandlabels v3\Sketch1.dxf"
2023-01-01 15:18:30,072 - INFO - Finished exporting file "band_labels"
2023-01-01 15:18:30,516 - INFO - Exporting file "cactus_holder"
2023-01-01 15:18:34,159 - INFO - Writing to "C:/Users/paolo/src/3d/from_fusion_360\Hub Mattiolo\Project Paolo\Paolo\cactusholder.f3d"
2023-01-01 15:18:34,281 - INFO - Writing component "cactus_holder v2" to "C:/Users/paolo/src/3d/from_fusion_360\Hub Mattiolo\Project Paolo\Paolo\cactusholder.f3d"
2023-01-01 15:18:34,282 - INFO - Writing step file "C:/Users/paolo/src/3d/from_fusion_360\Hub Mattiolo\Project Paolo\Paolo\cactusholder.f3d\cactusholder v2.stp"
2023-01-01 15:18:34,871 - INFO - Writing stl file "C:/Users/paolo/src/3d/from_fusion_360\Hub Mattiolo\Project Paolo\Paolo\cactusholder.f3d\cactusholder v2.stl"
2023-01-01 15:18:35,601 - INFO - Writing stl body file "C:/Users/paolo/src/3d/from_fusion_360\Hub Mattiolo\Project Paolo\Paolo\cactusholder.f3d\cactusholder v2\Body1.stl"
2023-01-01 15:18:36,155 - INFO - Writing iges file "C:/Users/paolo/src/3d/from_fusion_360\Hub Mattiolo\Project Paolo\Paolo\cactusholder.f3d\cactusholder v2.igs"
2023-01-01 15:18:36,661 - INFO - Writing dxf sketch file "C:/Users/paolo/src/3d/from_fusion_360\Hub Mattiolo\Project Paolo\Paolo\cactusholder.f3d\cactusholder v2\Sketch1.dxf"
2023-01-01 15:18:36,665 - INFO - Finished exporting file "cactus_holder"
2023-01-01 15:18:36,980 - INFO - Exporting file "CN06_GPS_holder"
2023-01-01 15:18:40,681 - INFO - Writing to "C:/Users/paolo/src/3d/from_fusion_360\Hub Mattiolo\Project Paolo\Paolo\CN06GPSholder.f3d"
2023-01-01 15:18:40,803 - INFO - Writing component "CN06_GPS_holder v5" to "C:/Users/paolo/src/3d/from_fusion_360\Hub Mattiolo\Project Paolo\Paolo\CN06GPSholder.f3d"
2023-01-01 15:18:40,804 - INFO - Writing step file "C:/Users/paolo/src/3d/from_fusion_360\Hub Mattiolo\Project Paolo\Paolo\CN06GPSholder.f3d\CN06GPSholder v5.stp"
2023-01-01 15:18:41,558 - INFO - Writing stl file "C:/Users/paolo/src/3d/from_fusion_360\Hub Mattiolo\Project Paolo\Paolo\CN06GPSholder.f3d\CN06GPSholder v5.stl"
2023-01-01 15:18:42,167 - INFO - Writing stl body file "C:/Users/paolo/src/3d/from_fusion_360\Hub Mattiolo\Project Paolo\Paolo\CN06GPSholder.f3d\CN06GPSholder v5\Body5.stl"
2023-01-01 15:18:42,718 - INFO - Writing iges file "C:/Users/paolo/src/3d/from_fusion_360\Hub Mattiolo\Project Paolo\Paolo\CN06GPSholder.f3d\CN06GPSholder v5.igs"
2023-01-01 15:18:43,232 - INFO - Writing dxf sketch file "C:/Users/paolo/src/3d/from_fusion_360\Hub Mattiolo\Project Paolo\Paolo\CN06GPSholder.f3d\CN06GPSholder v5\Sketch1.dxf"
2023-01-01 15:18:43,742 - INFO - Writing dxf sketch file "C:/Users/paolo/src/3d/from_fusion_360\Hub Mattiolo\Project Paolo\Paolo\CN06GPSholder.f3d\CN06GPSholder v5\Sketch2.dxf"
2023-01-01 15:18:43,745 - INFO - Writing dxf sketch file "C:/Users/paolo/src/3d/from_fusion_360\Hub Mattiolo\Project Paolo\Paolo\CN06GPSholder.f3d\CN06GPSholder v5\Sketch3.dxf"
2023-01-01 15:18:43,747 - INFO - Writing dxf sketch file "C:/Users/paolo/src/3d/from_fusion_360\Hub Mattiolo\Project Paolo\Paolo\CN06GPSholder.f3d\CN06GPSholder v5\Sketch4.dxf"
2023-01-01 15:18:43,750 - INFO - Writing dxf sketch file "C:/Users/paolo/src/3d/from_fusion_360\Hub Mattiolo\Project Paolo\Paolo\CN06GPSholder.f3d\CN06GPSholder v5\Sketch5.dxf"
2023-01-01 15:18:43,762 - INFO - Finished exporting file "CN06_GPS_holder"
2023-01-01 15:18:44,122 - INFO - Exporting file "CN06_GPS_holder_base"
2023-01-01 15:18:47,842 - INFO - Writing to "C:/Users/paolo/src/3d/from_fusion_360\Hub Mattiolo\Project Paolo\Paolo\CN06GPSholderbase.f3d"
2023-01-01 15:18:47,962 - INFO - Writing component "CN06_GPS_holder_base v3" to "C:/Users/paolo/src/3d/from_fusion_360\Hub Mattiolo\Project Paolo\Paolo\CN06GPSholderbase.f3d"
2023-01-01 15:18:47,963 - INFO - Writing step file "C:/Users/paolo/src/3d/from_fusion_360\Hub Mattiolo\Project Paolo\Paolo\CN06GPSholderbase.f3d\CN06GPSholderbase v3.stp"
2023-01-01 15:18:48,638 - INFO - Writing stl file "C:/Users/paolo/src/3d/from_fusion_360\Hub Mattiolo\Project Paolo\Paolo\CN06GPSholderbase.f3d\CN06GPSholderbase v3.stl"
2023-01-01 15:18:49,281 - INFO - Writing stl body file "C:/Users/paolo/src/3d/from_fusion_360\Hub Mattiolo\Project Paolo\Paolo\CN06GPSholderbase.f3d\CN06GPSholderbase v3\Body6.stl"
2023-01-01 15:18:49,839 - INFO - Writing iges file "C:/Users/paolo/src/3d/from_fusion_360\Hub Mattiolo\Project Paolo\Paolo\CN06GPSholderbase.f3d\CN06GPSholderbase v3.igs"
2023-01-01 15:18:50,435 - INFO - Writing dxf sketch file "C:/Users/paolo/src/3d/from_fusion_360\Hub Mattiolo\Project Paolo\Paolo\CN06GPSholderbase.f3d\CN06GPSholderbase v3\top.dxf"
2023-01-01 15:18:50,438 - INFO - Writing dxf sketch file "C:/Users/paolo/src/3d/from_fusion_360\Hub Mattiolo\Project Paolo\Paolo\CN06GPSholderbase.f3d\CN06GPSholderbase v3\base.dxf"
2023-01-01 15:18:50,441 - INFO - Finished exporting file "CN06_GPS_holder_base"
2023-01-01 15:18:50,760 - INFO - Exporting file "CN06_GPS_holder_cap"
2023-01-01 15:18:54,506 - INFO - Writing to "C:/Users/paolo/src/3d/from_fusion_360\Hub Mattiolo\Project Paolo\Paolo\CN06GPSholdercap.f3d"
2023-01-01 15:18:54,634 - INFO - Writing component "CN06_GPS_holder_cap v5" to "C:/Users/paolo/src/3d/from_fusion_360\Hub Mattiolo\Project Paolo\Paolo\CN06GPSholdercap.f3d"
2023-01-01 15:18:54,634 - INFO - Writing step file "C:/Users/paolo/src/3d/from_fusion_360\Hub Mattiolo\Project Paolo\Paolo\CN06GPSholdercap.f3d\CN06GPSholdercap v5.stp"
2023-01-01 15:18:55,289 - INFO - Writing stl file "C:/Users/paolo/src/3d/from_fusion_360\Hub Mattiolo\Project Paolo\Paolo\CN06GPSholdercap.f3d\CN06GPSholdercap v5.stl"
2023-01-01 15:18:55,930 - INFO - Writing stl body file "C:/Users/paolo/src/3d/from_fusion_360\Hub Mattiolo\Project Paolo\Paolo\CN06GPSholdercap.f3d\CN06GPSholdercap v5\Body6.stl"
2023-01-01 15:18:56,449 - INFO - Writing iges file "C:/Users/paolo/src/3d/from_fusion_360\Hub Mattiolo\Project Paolo\Paolo\CN06GPSholdercap.f3d\CN06GPSholdercap v5.igs"
2023-01-01 15:18:57,028 - INFO - Writing dxf sketch file "C:/Users/paolo/src/3d/from_fusion_360\Hub Mattiolo\Project Paolo\Paolo\CN06GPSholdercap.f3d\CN06GPSholdercap v5\Sketch1.dxf"
2023-01-01 15:18:57,031 - INFO - Writing dxf sketch file "C:/Users/paolo/src/3d/from_fusion_360\Hub Mattiolo\Project Paolo\Paolo\CN06GPSholdercap.f3d\CN06GPSholdercap v5\Sketch8.dxf"
2023-01-01 15:18:57,033 - INFO - Writing dxf sketch file "C:/Users/paolo/src/3d/from_fusion_360\Hub Mattiolo\Project Paolo\Paolo\CN06GPSholdercap.f3d\CN06GPSholdercap v5\Sketch9.dxf"
2023-01-01 15:18:57,045 - INFO - Finished exporting file "CN06_GPS_holder_cap"
2023-01-01 15:18:57,360 - INFO - Exporting file "CN06_Gps_older_drone"
2023-01-01 15:19:01,073 - INFO - Writing to "C:/Users/paolo/src/3d/from_fusion_360\Hub Mattiolo\Project Paolo\Paolo\CN06Gpsolderdrone.f3d"
2023-01-01 15:19:01,150 - INFO - Writing component "CN06_Gps_older_drone v2" to "C:/Users/paolo/src/3d/from_fusion_360\Hub Mattiolo\Project Paolo\Paolo\CN06Gpsolderdrone.f3d"
2023-01-01 15:19:01,151 - INFO - Writing step file "C:/Users/paolo/src/3d/from_fusion_360\Hub Mattiolo\Project Paolo\Paolo\CN06Gpsolderdrone.f3d\CN06Gpsolderdrone v2.stp"
2023-01-01 15:19:01,889 - INFO - Writing stl file "C:/Users/paolo/src/3d/from_fusion_360\Hub Mattiolo\Project Paolo\Paolo\CN06Gpsolderdrone.f3d\CN06Gpsolderdrone v2.stl"
2023-01-01 15:19:02,631 - INFO - Writing iges file "C:/Users/paolo/src/3d/from_fusion_360\Hub Mattiolo\Project Paolo\Paolo\CN06Gpsolderdrone.f3d\CN06Gpsolderdrone v2.igs"
2023-01-01 15:19:03,234 - INFO - Writing component "CN06_GPS_holder v5" to "C:/Users/paolo/src/3d/from_fusion_360\Hub Mattiolo\Project Paolo\Paolo\CN06Gpsolderdrone.f3d\CN06Gpsolderdrone v2"
2023-01-01 15:19:03,236 - INFO - Writing step file "C:/Users/paolo/src/3d/from_fusion_360\Hub Mattiolo\Project Paolo\Paolo\CN06Gpsolderdrone.f3d\CN06Gpsolderdrone v2\CN06GPSholder v5.stp"
2023-01-01 15:19:03,862 - INFO - Writing stl file "C:/Users/paolo/src/3d/from_fusion_360\Hub Mattiolo\Project Paolo\Paolo\CN06Gpsolderdrone.f3d\CN06Gpsolderdrone v2\CN06GPSholder v5.stl"
2023-01-01 15:19:04,413 - INFO - Writing stl body file "C:/Users/paolo/src/3d/from_fusion_360\Hub Mattiolo\Project Paolo\Paolo\CN06Gpsolderdrone.f3d\CN06Gpsolderdrone v2\CN06GPSholder v5\Body5.stl"
2023-01-01 15:19:04,988 - INFO - Writing iges file "C:/Users/paolo/src/3d/from_fusion_360\Hub Mattiolo\Project Paolo\Paolo\CN06Gpsolderdrone.f3d\CN06Gpsolderdrone v2\CN06GPSholder v5.igs"
2023-01-01 15:19:05,597 - INFO - Writing dxf sketch file "C:/Users/paolo/src/3d/from_fusion_360\Hub Mattiolo\Project Paolo\Paolo\CN06Gpsolderdrone.f3d\CN06Gpsolderdrone v2\CN06GPSholder v5\Sketch1.dxf"
2023-01-01 15:19:05,839 - INFO - Writing dxf sketch file "C:/Users/paolo/src/3d/from_fusion_360\Hub Mattiolo\Project Paolo\Paolo\CN06Gpsolderdrone.f3d\CN06Gpsolderdrone v2\CN06GPSholder v5\Sketch2.dxf"
2023-01-01 15:19:05,843 - INFO - Writing dxf sketch file "C:/Users/paolo/src/3d/from_fusion_360\Hub Mattiolo\Project Paolo\Paolo\CN06Gpsolderdrone.f3d\CN06Gpsolderdrone v2\CN06GPSholder v5\Sketch3.dxf"
2023-01-01 15:19:05,846 - INFO - Writing dxf sketch file "C:/Users/paolo/src/3d/from_fusion_360\Hub Mattiolo\Project Paolo\Paolo\CN06Gpsolderdrone.f3d\CN06Gpsolderdrone v2\CN06GPSholder v5\Sketch4.dxf"
2023-01-01 15:19:05,850 - INFO - Writing dxf sketch file "C:/Users/paolo/src/3d/from_fusion_360\Hub Mattiolo\Project Paolo\Paolo\CN06Gpsolderdrone.f3d\CN06Gpsolderdrone v2\CN06GPSholder v5\Sketch5.dxf"
2023-01-01 15:19:05,887 - INFO - Writing component "CN06_GPS_holder_base v3" to "C:/Users/paolo/src/3d/from_fusion_360\Hub Mattiolo\Project Paolo\Paolo\CN06Gpsolderdrone.f3d\CN06Gpsolderdrone v2"
2023-01-01 15:19:05,888 - INFO - Writing step file "C:/Users/paolo/src/3d/from_fusion_360\Hub Mattiolo\Project Paolo\Paolo\CN06Gpsolderdrone.f3d\CN06Gpsolderdrone v2\CN06GPSholderbase v3.stp"
2023-01-01 15:19:06,542 - INFO - Writing stl file "C:/Users/paolo/src/3d/from_fusion_360\Hub Mattiolo\Project Paolo\Paolo\CN06Gpsolderdrone.f3d\CN06Gpsolderdrone v2\CN06GPSholderbase v3.stl"
2023-01-01 15:19:07,075 - INFO - Writing stl body file "C:/Users/paolo/src/3d/from_fusion_360\Hub Mattiolo\Project Paolo\Paolo\CN06Gpsolderdrone.f3d\CN06Gpsolderdrone v2\CN06GPSholderbase v3\Body6.stl"
2023-01-01 15:19:07,622 - INFO - Writing iges file "C:/Users/paolo/src/3d/from_fusion_360\Hub Mattiolo\Project Paolo\Paolo\CN06Gpsolderdrone.f3d\CN06Gpsolderdrone v2\CN06GPSholderbase v3.igs"
2023-01-01 15:19:08,204 - INFO - Writing dxf sketch file "C:/Users/paolo/src/3d/from_fusion_360\Hub Mattiolo\Project Paolo\Paolo\CN06Gpsolderdrone.f3d\CN06Gpsolderdrone v2\CN06GPSholderbase v3\top.dxf"
2023-01-01 15:19:08,208 - INFO - Writing dxf sketch file "C:/Users/paolo/src/3d/from_fusion_360\Hub Mattiolo\Project Paolo\Paolo\CN06Gpsolderdrone.f3d\CN06Gpsolderdrone v2\CN06GPSholderbase v3\base.dxf"
2023-01-01 15:19:08,211 - INFO - Writing component "CN06_GPS_holder_cap v5" to "C:/Users/paolo/src/3d/from_fusion_360\Hub Mattiolo\Project Paolo\Paolo\CN06Gpsolderdrone.f3d\CN06Gpsolderdrone v2"
2023-01-01 15:19:08,211 - INFO - Writing step file "C:/Users/paolo/src/3d/from_fusion_360\Hub Mattiolo\Project Paolo\Paolo\CN06Gpsolderdrone.f3d\CN06Gpsolderdrone v2\CN06GPSholdercap v5.stp"
2023-01-01 15:19:08,847 - INFO - Writing stl file "C:/Users/paolo/src/3d/from_fusion_360\Hub Mattiolo\Project Paolo\Paolo\CN06Gpsolderdrone.f3d\CN06Gpsolderdrone v2\CN06GPSholdercap v5.stl"
2023-01-01 15:19:09,391 - INFO - Writing stl body file "C:/Users/paolo/src/3d/from_fusion_360\Hub Mattiolo\Project Paolo\Paolo\CN06Gpsolderdrone.f3d\CN06Gpsolderdrone v2\CN06GPSholdercap v5\Body6.stl"
2023-01-01 15:19:09,925 - INFO - Writing iges file "C:/Users/paolo/src/3d/from_fusion_360\Hub Mattiolo\Project Paolo\Paolo\CN06Gpsolderdrone.f3d\CN06Gpsolderdrone v2\CN06GPSholdercap v5.igs"
2023-01-01 15:19:10,550 - INFO - Writing dxf sketch file "C:/Users/paolo/src/3d/from_fusion_360\Hub Mattiolo\Project Paolo\Paolo\CN06Gpsolderdrone.f3d\CN06Gpsolderdrone v2\CN06GPSholdercap v5\Sketch1.dxf"
2023-01-01 15:19:10,553 - INFO - Writing dxf sketch file "C:/Users/paolo/src/3d/from_fusion_360\Hub Mattiolo\Project Paolo\Paolo\CN06Gpsolderdrone.f3d\CN06Gpsolderdrone v2\CN06GPSholdercap v5\Sketch8.dxf"
2023-01-01 15:19:10,556 - INFO - Writing dxf sketch file "C:/Users/paolo/src/3d/from_fusion_360\Hub Mattiolo\Project Paolo\Paolo\CN06Gpsolderdrone.f3d\CN06Gpsolderdrone v2\CN06GPSholdercap v5\Sketch9.dxf"
2023-01-01 15:19:10,561 - INFO - Finished exporting file "CN06_Gps_older_drone"
2023-01-01 15:19:10,977 - INFO - Exporting file "difona_base"
2023-01-01 15:19:14,387 - INFO - Writing to "C:/Users/paolo/src/3d/from_fusion_360\Hub Mattiolo\Project Paolo\Paolo\difonabase.f3d"
2023-01-01 15:19:14,508 - INFO - Writing component "difona_base v2" to "C:/Users/paolo/src/3d/from_fusion_360\Hub Mattiolo\Project Paolo\Paolo\difonabase.f3d"
2023-01-01 15:19:14,509 - INFO - Writing step file "C:/Users/paolo/src/3d/from_fusion_360\Hub Mattiolo\Project Paolo\Paolo\difonabase.f3d\difonabase v2.stp"
2023-01-01 15:19:15,259 - INFO - Writing stl file "C:/Users/paolo/src/3d/from_fusion_360\Hub Mattiolo\Project Paolo\Paolo\difonabase.f3d\difonabase v2.stl"
2023-01-01 15:19:15,866 - INFO - Writing stl body file "C:/Users/paolo/src/3d/from_fusion_360\Hub Mattiolo\Project Paolo\Paolo\difonabase.f3d\difonabase v2\Body2.stl"
2023-01-01 15:19:16,637 - INFO - Writing iges file "C:/Users/paolo/src/3d/from_fusion_360\Hub Mattiolo\Project Paolo\Paolo\difonabase.f3d\difonabase v2.igs"
2023-01-01 15:19:17,158 - INFO - Writing dxf sketch file "C:/Users/paolo/src/3d/from_fusion_360\Hub Mattiolo\Project Paolo\Paolo\difonabase.f3d\difonabase v2\Sketch1.dxf"
2023-01-01 15:19:17,161 - INFO - Writing dxf sketch file "C:/Users/paolo/src/3d/from_fusion_360\Hub Mattiolo\Project Paolo\Paolo\difonabase.f3d\difonabase v2\Sketch3.dxf"
2023-01-01 15:19:17,177 - INFO - Finished exporting file "difona_base"
2023-01-01 15:19:17,472 - INFO - Exporting file "Drone_supports"
2023-01-01 15:19:23,529 - INFO - Writing to "C:/Users/paolo/src/3d/from_fusion_360\Hub Mattiolo\Project Paolo\Paolo\Dronesupports.f3d"
2023-01-01 15:19:23,624 - INFO - Writing component "Drone_supports v2" to "C:/Users/paolo/src/3d/from_fusion_360\Hub Mattiolo\Project Paolo\Paolo\Dronesupports.f3d"
2023-01-01 15:19:23,625 - INFO - Writing step file "C:/Users/paolo/src/3d/from_fusion_360\Hub Mattiolo\Project Paolo\Paolo\Dronesupports.f3d\Dronesupports v2.stp"
2023-01-01 15:19:24,475 - INFO - Writing stl file "C:/Users/paolo/src/3d/from_fusion_360\Hub Mattiolo\Project Paolo\Paolo\Dronesupports.f3d\Dronesupports v2.stl"
2023-01-01 15:19:25,114 - INFO - Writing iges file "C:/Users/paolo/src/3d/from_fusion_360\Hub Mattiolo\Project Paolo\Paolo\Dronesupports.f3d\Dronesupports v2.igs"
2023-01-01 15:19:25,825 - INFO - Writing component "naze32 support v3" to "C:/Users/paolo/src/3d/from_fusion_360\Hub Mattiolo\Project Paolo\Paolo\Dronesupports.f3d\Dronesupports v2"
2023-01-01 15:19:25,825 - INFO - Writing step file "C:/Users/paolo/src/3d/from_fusion_360\Hub Mattiolo\Project Paolo\Paolo\Dronesupports.f3d\Dronesupports v2\naze32 support v3.stp"
2023-01-01 15:19:26,528 - INFO - Writing stl file "C:/Users/paolo/src/3d/from_fusion_360\Hub Mattiolo\Project Paolo\Paolo\Dronesupports.f3d\Dronesupports v2\naze32 support v3.stl"
2023-01-01 15:19:27,023 - INFO - Writing stl body file "C:/Users/paolo/src/3d/from_fusion_360\Hub Mattiolo\Project Paolo\Paolo\Dronesupports.f3d\Dronesupports v2\naze32 support v3\Body1.stl"
2023-01-01 15:19:27,576 - INFO - Writing iges file "C:/Users/paolo/src/3d/from_fusion_360\Hub Mattiolo\Project Paolo\Paolo\Dronesupports.f3d\Dronesupports v2\naze32 support v3.igs"
2023-01-01 15:19:28,184 - INFO - Writing dxf sketch file "C:/Users/paolo/src/3d/from_fusion_360\Hub Mattiolo\Project Paolo\Paolo\Dronesupports.f3d\Dronesupports v2\naze32 support v3\base.dxf"
2023-01-01 15:19:28,188 - INFO - Writing dxf sketch file "C:/Users/paolo/src/3d/from_fusion_360\Hub Mattiolo\Project Paolo\Paolo\Dronesupports.f3d\Dronesupports v2\naze32 support v3\Sketch4.dxf"
2023-01-01 15:19:28,200 - INFO - Writing dxf sketch file "C:/Users/paolo/src/3d/from_fusion_360\Hub Mattiolo\Project Paolo\Paolo\Dronesupports.f3d\Dronesupports v2\naze32 support v3\Sketch5.dxf"
2023-01-01 15:19:28,203 - INFO - Writing component "receiver_holder v4" to "C:/Users/paolo/src/3d/from_fusion_360\Hub Mattiolo\Project Paolo\Paolo\Dronesupports.f3d\Dronesupports v2"
2023-01-01 15:19:28,203 - INFO - Writing step file "C:/Users/paolo/src/3d/from_fusion_360\Hub Mattiolo\Project Paolo\Paolo\Dronesupports.f3d\Dronesupports v2\receiverholder v4.stp"
2023-01-01 15:19:28,851 - INFO - Writing stl file "C:/Users/paolo/src/3d/from_fusion_360\Hub Mattiolo\Project Paolo\Paolo\Dronesupports.f3d\Dronesupports v2\receiverholder v4.stl"
2023-01-01 15:19:29,364 - INFO - Writing stl body file "C:/Users/paolo/src/3d/from_fusion_360\Hub Mattiolo\Project Paolo\Paolo\Dronesupports.f3d\Dronesupports v2\receiverholder v4\Body1.stl"
2023-01-01 15:19:29,905 - INFO - Writing iges file "C:/Users/paolo/src/3d/from_fusion_360\Hub Mattiolo\Project Paolo\Paolo\Dronesupports.f3d\Dronesupports v2\receiverholder v4.igs"
2023-01-01 15:19:30,462 - INFO - Writing dxf sketch file "C:/Users/paolo/src/3d/from_fusion_360\Hub Mattiolo\Project Paolo\Paolo\Dronesupports.f3d\Dronesupports v2\receiverholder v4\Sketch1.dxf"
2023-01-01 15:19:30,465 - INFO - Writing dxf sketch file "C:/Users/paolo/src/3d/from_fusion_360\Hub Mattiolo\Project Paolo\Paolo\Dronesupports.f3d\Dronesupports v2\receiverholder v4\Sketch3.dxf"
2023-01-01 15:19:30,469 - INFO - Writing dxf sketch file "C:/Users/paolo/src/3d/from_fusion_360\Hub Mattiolo\Project Paolo\Paolo\Dronesupports.f3d\Dronesupports v2\receiverholder v4\Sketch4.dxf"
2023-01-01 15:19:30,473 - INFO - Writing component "sbec_holder v2" to "C:/Users/paolo/src/3d/from_fusion_360\Hub Mattiolo\Project Paolo\Paolo\Dronesupports.f3d\Dronesupports v2"
2023-01-01 15:19:30,473 - INFO - Writing step file "C:/Users/paolo/src/3d/from_fusion_360\Hub Mattiolo\Project Paolo\Paolo\Dronesupports.f3d\Dronesupports v2\sbecholder v2.stp"
2023-01-01 15:19:31,255 - INFO - Writing stl file "C:/Users/paolo/src/3d/from_fusion_360\Hub Mattiolo\Project Paolo\Paolo\Dronesupports.f3d\Dronesupports v2\sbecholder v2.stl"
2023-01-01 15:19:31,766 - INFO - Writing stl body file "C:/Users/paolo/src/3d/from_fusion_360\Hub Mattiolo\Project Paolo\Paolo\Dronesupports.f3d\Dronesupports v2\sbecholder v2\Body1.stl"
2023-01-01 15:19:32,273 - INFO - Writing iges file "C:/Users/paolo/src/3d/from_fusion_360\Hub Mattiolo\Project Paolo\Paolo\Dronesupports.f3d\Dronesupports v2\sbecholder v2.igs"
2023-01-01 15:19:32,829 - INFO - Writing dxf sketch file "C:/Users/paolo/src/3d/from_fusion_360\Hub Mattiolo\Project Paolo\Paolo\Dronesupports.f3d\Dronesupports v2\sbecholder v2\Sketch1.dxf"
2023-01-01 15:19:32,832 - INFO - Writing dxf sketch file "C:/Users/paolo/src/3d/from_fusion_360\Hub Mattiolo\Project Paolo\Paolo\Dronesupports.f3d\Dronesupports v2\sbecholder v2\Sketch3.dxf"
2023-01-01 15:19:32,836 - INFO - Writing dxf sketch file "C:/Users/paolo/src/3d/from_fusion_360\Hub Mattiolo\Project Paolo\Paolo\Dronesupports.f3d\Dronesupports v2\sbecholder v2\Sketch4.dxf"
2023-01-01 15:19:32,840 - INFO - Finished exporting file "Drone_supports"
2023-01-01 15:19:33,212 - INFO - Exporting file "end_feed_connector"
2023-01-01 15:19:34,762 - INFO - Writing to "C:/Users/paolo/src/3d/from_fusion_360\Hub Mattiolo\Project Paolo\Paolo\endfeedconnector.f3d"
2023-01-01 15:19:34,876 - INFO - Writing component "end_feed_connector v4" to "C:/Users/paolo/src/3d/from_fusion_360\Hub Mattiolo\Project Paolo\Paolo\endfeedconnector.f3d"
2023-01-01 15:19:34,878 - INFO - Writing step file "C:/Users/paolo/src/3d/from_fusion_360\Hub Mattiolo\Project Paolo\Paolo\endfeedconnector.f3d\endfeedconnector v4.stp"
2023-01-01 15:19:35,531 - INFO - Writing stl file "C:/Users/paolo/src/3d/from_fusion_360\Hub Mattiolo\Project Paolo\Paolo\endfeedconnector.f3d\endfeedconnector v4.stl"
2023-01-01 15:19:36,193 - INFO - Writing stl body file "C:/Users/paolo/src/3d/from_fusion_360\Hub Mattiolo\Project Paolo\Paolo\endfeedconnector.f3d\endfeedconnector v4\Body1.stl"
2023-01-01 15:19:36,700 - INFO - Writing iges file "C:/Users/paolo/src/3d/from_fusion_360\Hub Mattiolo\Project Paolo\Paolo\endfeedconnector.f3d\endfeedconnector v4.igs"
2023-01-01 15:19:37,242 - INFO - Writing dxf sketch file "C:/Users/paolo/src/3d/from_fusion_360\Hub Mattiolo\Project Paolo\Paolo\endfeedconnector.f3d\endfeedconnector v4\Sketch1.dxf"
2023-01-01 15:19:37,245 - INFO - Writing dxf sketch file "C:/Users/paolo/src/3d/from_fusion_360\Hub Mattiolo\Project Paolo\Paolo\endfeedconnector.f3d\endfeedconnector v4\Sketch3.dxf"
2023-01-01 15:19:37,249 - INFO - Writing dxf sketch file "C:/Users/paolo/src/3d/from_fusion_360\Hub Mattiolo\Project Paolo\Paolo\endfeedconnector.f3d\endfeedconnector v4\Sketch2.dxf"
2023-01-01 15:19:37,321 - INFO - Finished exporting file "end_feed_connector"
2023-01-01 15:19:37,677 - INFO - Exporting file "fan_dipole"
2023-01-01 15:19:41,034 - INFO - Writing to "C:/Users/paolo/src/3d/from_fusion_360\Hub Mattiolo\Project Paolo\Paolo\fandipole.f3d"
2023-01-01 15:19:41,120 - INFO - Writing component "fan_dipole v2" to "C:/Users/paolo/src/3d/from_fusion_360\Hub Mattiolo\Project Paolo\Paolo\fandipole.f3d"
2023-01-01 15:19:41,121 - INFO - Writing step file "C:/Users/paolo/src/3d/from_fusion_360\Hub Mattiolo\Project Paolo\Paolo\fandipole.f3d\fandipole v2.stp"
2023-01-01 15:19:41,848 - INFO - Writing stl file "C:/Users/paolo/src/3d/from_fusion_360\Hub Mattiolo\Project Paolo\Paolo\fandipole.f3d\fandipole v2.stl"
2023-01-01 15:19:42,383 - INFO - Writing stl body file "C:/Users/paolo/src/3d/from_fusion_360\Hub Mattiolo\Project Paolo\Paolo\fandipole.f3d\fandipole v2\Body1.stl"
2023-01-01 15:19:42,985 - INFO - Writing iges file "C:/Users/paolo/src/3d/from_fusion_360\Hub Mattiolo\Project Paolo\Paolo\fandipole.f3d\fandipole v2.igs"
2023-01-01 15:19:43,552 - INFO - Writing dxf sketch file "C:/Users/paolo/src/3d/from_fusion_360\Hub Mattiolo\Project Paolo\Paolo\fandipole.f3d\fandipole v2\Sketch1.dxf"
2023-01-01 15:19:43,556 - INFO - Finished exporting file "fan_dipole"
2023-01-01 15:19:43,863 - INFO - Exporting file "frame_8000f_120"
2023-01-01 15:19:45,396 - INFO - Writing to "C:/Users/paolo/src/3d/from_fusion_360\Hub Mattiolo\Project Paolo\Paolo\frame8000f120.f3d"
2023-01-01 15:19:45,507 - INFO - Writing component "frame_8000f_120 v7" to "C:/Users/paolo/src/3d/from_fusion_360\Hub Mattiolo\Project Paolo\Paolo\frame8000f120.f3d"
2023-01-01 15:19:45,508 - INFO - Writing step file "C:/Users/paolo/src/3d/from_fusion_360\Hub Mattiolo\Project Paolo\Paolo\frame8000f120.f3d\frame8000f120 v7.stp"
2023-01-01 15:19:46,166 - INFO - Writing stl file "C:/Users/paolo/src/3d/from_fusion_360\Hub Mattiolo\Project Paolo\Paolo\frame8000f120.f3d\frame8000f120 v7.stl"
2023-01-01 15:19:46,703 - INFO - Writing stl body file "C:/Users/paolo/src/3d/from_fusion_360\Hub Mattiolo\Project Paolo\Paolo\frame8000f120.f3d\frame8000f120 v7\Body1.stl"
2023-01-01 15:19:47,297 - INFO - Writing stl body file "C:/Users/paolo/src/3d/from_fusion_360\Hub Mattiolo\Project Paolo\Paolo\frame8000f120.f3d\frame8000f120 v7\Body2.stl"
2023-01-01 15:19:47,783 - INFO - Writing iges file "C:/Users/paolo/src/3d/from_fusion_360\Hub Mattiolo\Project Paolo\Paolo\frame8000f120.f3d\frame8000f120 v7.igs"
2023-01-01 15:19:48,350 - INFO - Writing dxf sketch file "C:/Users/paolo/src/3d/from_fusion_360\Hub Mattiolo\Project Paolo\Paolo\frame8000f120.f3d\frame8000f120 v7\Sketch1.dxf"
2023-01-01 15:19:48,353 - INFO - Finished exporting file "frame_8000f_120"
2023-01-01 15:19:48,670 - INFO - Exporting file "frame_holder_8000f_120"
2023-01-01 15:19:50,189 - INFO - Writing to "C:/Users/paolo/src/3d/from_fusion_360\Hub Mattiolo\Project Paolo\Paolo\frameholder8000f120.f3d"
2023-01-01 15:19:50,351 - INFO - Writing component "frame_holder_8000f_120 v5" to "C:/Users/paolo/src/3d/from_fusion_360\Hub Mattiolo\Project Paolo\Paolo\frameholder8000f120.f3d"
2023-01-01 15:19:50,352 - INFO - Writing step file "C:/Users/paolo/src/3d/from_fusion_360\Hub Mattiolo\Project Paolo\Paolo\frameholder8000f120.f3d\frameholder8000f120 v5.stp"
2023-01-01 15:19:50,922 - INFO - Writing stl file "C:/Users/paolo/src/3d/from_fusion_360\Hub Mattiolo\Project Paolo\Paolo\frameholder8000f120.f3d\frameholder8000f120 v5.stl"
2023-01-01 15:19:51,434 - INFO - Writing stl body file "C:/Users/paolo/src/3d/from_fusion_360\Hub Mattiolo\Project Paolo\Paolo\frameholder8000f120.f3d\frameholder8000f120 v5\Body3.stl"
2023-01-01 15:19:52,007 - INFO - Writing stl body file "C:/Users/paolo/src/3d/from_fusion_360\Hub Mattiolo\Project Paolo\Paolo\frameholder8000f120.f3d\frameholder8000f120 v5\Body4.stl"
2023-01-01 15:19:52,493 - INFO - Writing iges file "C:/Users/paolo/src/3d/from_fusion_360\Hub Mattiolo\Project Paolo\Paolo\frameholder8000f120.f3d\frameholder8000f120 v5.igs"
2023-01-01 15:19:52,993 - INFO - Writing dxf sketch file "C:/Users/paolo/src/3d/from_fusion_360\Hub Mattiolo\Project Paolo\Paolo\frameholder8000f120.f3d\frameholder8000f120 v5\Sketch1.dxf"
2023-01-01 15:19:52,997 - INFO - Finished exporting file "frame_holder_8000f_120"
2023-01-01 15:19:53,315 - INFO - Exporting file "Guitar grommet"
2023-01-01 15:19:56,921 - INFO - Writing to "C:/Users/paolo/src/3d/from_fusion_360\Hub Mattiolo\Project Paolo\Paolo\Guitar grommet.f3d"
2023-01-01 15:19:57,000 - INFO - Writing component "Guitar grommet v1" to "C:/Users/paolo/src/3d/from_fusion_360\Hub Mattiolo\Project Paolo\Paolo\Guitar grommet.f3d"
2023-01-01 15:19:57,001 - INFO - Writing step file "C:/Users/paolo/src/3d/from_fusion_360\Hub Mattiolo\Project Paolo\Paolo\Guitar grommet.f3d\Guitar grommet v1.stp"
2023-01-01 15:19:57,611 - INFO - Writing stl file "C:/Users/paolo/src/3d/from_fusion_360\Hub Mattiolo\Project Paolo\Paolo\Guitar grommet.f3d\Guitar grommet v1.stl"
2023-01-01 15:19:58,176 - INFO - Writing stl body file "C:/Users/paolo/src/3d/from_fusion_360\Hub Mattiolo\Project Paolo\Paolo\Guitar grommet.f3d\Guitar grommet v1\Body1.stl"
2023-01-01 15:19:58,759 - INFO - Writing iges file "C:/Users/paolo/src/3d/from_fusion_360\Hub Mattiolo\Project Paolo\Paolo\Guitar grommet.f3d\Guitar grommet v1.igs"
2023-01-01 15:19:59,219 - INFO - Writing dxf sketch file "C:/Users/paolo/src/3d/from_fusion_360\Hub Mattiolo\Project Paolo\Paolo\Guitar grommet.f3d\Guitar grommet v1\Sketch1.dxf"
2023-01-01 15:19:59,222 - INFO - Finished exporting file "Guitar grommet"
2023-01-01 15:19:59,583 - INFO - Exporting file "IC202 Holder"
2023-01-01 15:20:03,828 - INFO - Writing to "C:/Users/paolo/src/3d/from_fusion_360\Hub Mattiolo\Project Paolo\Paolo\IC202 Holder.f3d"
2023-01-01 15:20:03,990 - INFO - Writing component "IC202 Holder v5" to "C:/Users/paolo/src/3d/from_fusion_360\Hub Mattiolo\Project Paolo\Paolo\IC202 Holder.f3d"
2023-01-01 15:20:03,991 - INFO - Writing step file "C:/Users/paolo/src/3d/from_fusion_360\Hub Mattiolo\Project Paolo\Paolo\IC202 Holder.f3d\IC202 Holder v5.stp"
2023-01-01 15:20:04,730 - INFO - Writing stl file "C:/Users/paolo/src/3d/from_fusion_360\Hub Mattiolo\Project Paolo\Paolo\IC202 Holder.f3d\IC202 Holder v5.stl"
2023-01-01 15:20:05,300 - INFO - Writing stl body file "C:/Users/paolo/src/3d/from_fusion_360\Hub Mattiolo\Project Paolo\Paolo\IC202 Holder.f3d\IC202 Holder v5\Body1.stl"
2023-01-01 15:20:05,851 - INFO - Writing iges file "C:/Users/paolo/src/3d/from_fusion_360\Hub Mattiolo\Project Paolo\Paolo\IC202 Holder.f3d\IC202 Holder v5.igs"
2023-01-01 15:20:06,525 - INFO - Writing dxf sketch file "C:/Users/paolo/src/3d/from_fusion_360\Hub Mattiolo\Project Paolo\Paolo\IC202 Holder.f3d\IC202 Holder v5\Sketch1.dxf"
2023-01-01 15:20:06,528 - INFO - Writing dxf sketch file "C:/Users/paolo/src/3d/from_fusion_360\Hub Mattiolo\Project Paolo\Paolo\IC202 Holder.f3d\IC202 Holder v5\Sketch2.dxf"
2023-01-01 15:20:06,532 - INFO - Writing dxf sketch file "C:/Users/paolo/src/3d/from_fusion_360\Hub Mattiolo\Project Paolo\Paolo\IC202 Holder.f3d\IC202 Holder v5\Sketch3.dxf"
2023-01-01 15:20:06,536 - INFO - Writing dxf sketch file "C:/Users/paolo/src/3d/from_fusion_360\Hub Mattiolo\Project Paolo\Paolo\IC202 Holder.f3d\IC202 Holder v5\Sketch4.dxf"
2023-01-01 15:20:06,542 - INFO - Finished exporting file "IC202 Holder"
2023-01-01 15:20:06,891 - INFO - Exporting file "massimo_squadretta"
2023-01-01 15:20:10,407 - INFO - Writing to "C:/Users/paolo/src/3d/from_fusion_360\Hub Mattiolo\Project Paolo\Paolo\massimosquadretta.f3d"
2023-01-01 15:20:10,515 - INFO - Writing component "massimo_squadretta v2" to "C:/Users/paolo/src/3d/from_fusion_360\Hub Mattiolo\Project Paolo\Paolo\massimosquadretta.f3d"
2023-01-01 15:20:10,515 - INFO - Writing step file "C:/Users/paolo/src/3d/from_fusion_360\Hub Mattiolo\Project Paolo\Paolo\massimosquadretta.f3d\massimosquadretta v2.stp"
2023-01-01 15:20:11,321 - INFO - Writing stl file "C:/Users/paolo/src/3d/from_fusion_360\Hub Mattiolo\Project Paolo\Paolo\massimosquadretta.f3d\massimosquadretta v2.stl"
2023-01-01 15:20:13,286 - INFO - Writing stl body file "C:/Users/paolo/src/3d/from_fusion_360\Hub Mattiolo\Project Paolo\Paolo\massimosquadretta.f3d\massimosquadretta v2\Support.stl"
2023-01-01 15:20:13,943 - INFO - Writing iges file "C:/Users/paolo/src/3d/from_fusion_360\Hub Mattiolo\Project Paolo\Paolo\massimosquadretta.f3d\massimosquadretta v2.igs"
2023-01-01 15:20:14,541 - INFO - Writing dxf sketch file "C:/Users/paolo/src/3d/from_fusion_360\Hub Mattiolo\Project Paolo\Paolo\massimosquadretta.f3d\massimosquadretta v2\support.dxf"
2023-01-01 15:20:14,544 - INFO - Finished exporting file "massimo_squadretta"
2023-01-01 15:20:14,854 - INFO - Exporting file "naze32 support"
2023-01-01 15:20:16,466 - INFO - Writing to "C:/Users/paolo/src/3d/from_fusion_360\Hub Mattiolo\Project Paolo\Paolo\naze32 support.f3d"
2023-01-01 15:20:16,605 - INFO - Writing component "naze32 support v3" to "C:/Users/paolo/src/3d/from_fusion_360\Hub Mattiolo\Project Paolo\Paolo\naze32 support.f3d"
2023-01-01 15:20:16,605 - INFO - Writing step file "C:/Users/paolo/src/3d/from_fusion_360\Hub Mattiolo\Project Paolo\Paolo\naze32 support.f3d\naze32 support v3.stp"
2023-01-01 15:20:17,239 - INFO - Writing stl file "C:/Users/paolo/src/3d/from_fusion_360\Hub Mattiolo\Project Paolo\Paolo\naze32 support.f3d\naze32 support v3.stl"
2023-01-01 15:20:17,814 - INFO - Writing stl body file "C:/Users/paolo/src/3d/from_fusion_360\Hub Mattiolo\Project Paolo\Paolo\naze32 support.f3d\naze32 support v3\Body1.stl"
2023-01-01 15:20:18,366 - INFO - Writing iges file "C:/Users/paolo/src/3d/from_fusion_360\Hub Mattiolo\Project Paolo\Paolo\naze32 support.f3d\naze32 support v3.igs"
2023-01-01 15:20:18,998 - INFO - Writing dxf sketch file "C:/Users/paolo/src/3d/from_fusion_360\Hub Mattiolo\Project Paolo\Paolo\naze32 support.f3d\naze32 support v3\base.dxf"
2023-01-01 15:20:19,002 - INFO - Writing dxf sketch file "C:/Users/paolo/src/3d/from_fusion_360\Hub Mattiolo\Project Paolo\Paolo\naze32 support.f3d\naze32 support v3\Sketch4.dxf"
2023-01-01 15:20:19,005 - INFO - Writing dxf sketch file "C:/Users/paolo/src/3d/from_fusion_360\Hub Mattiolo\Project Paolo\Paolo\naze32 support.f3d\naze32 support v3\Sketch5.dxf"
2023-01-01 15:20:19,008 - INFO - Finished exporting file "naze32 support"
2023-01-01 15:20:19,366 - INFO - Exporting file "Para_schizzi"
2023-01-01 15:20:21,446 - INFO - Writing to "C:/Users/paolo/src/3d/from_fusion_360\Hub Mattiolo\Project Paolo\Paolo\Paraschizzi.f3d"
2023-01-01 15:20:21,656 - INFO - Writing component "Para_schizzi v6" to "C:/Users/paolo/src/3d/from_fusion_360\Hub Mattiolo\Project Paolo\Paolo\Paraschizzi.f3d"
2023-01-01 15:20:21,659 - INFO - Writing step file "C:/Users/paolo/src/3d/from_fusion_360\Hub Mattiolo\Project Paolo\Paolo\Paraschizzi.f3d\Paraschizzi v6.stp"
2023-01-01 15:20:22,497 - INFO - Writing stl file "C:/Users/paolo/src/3d/from_fusion_360\Hub Mattiolo\Project Paolo\Paolo\Paraschizzi.f3d\Paraschizzi v6.stl"
2023-01-01 15:20:23,101 - INFO - Writing stl body file "C:/Users/paolo/src/3d/from_fusion_360\Hub Mattiolo\Project Paolo\Paolo\Paraschizzi.f3d\Paraschizzi v6\Body1.stl"
2023-01-01 15:20:23,750 - INFO - Writing iges file "C:/Users/paolo/src/3d/from_fusion_360\Hub Mattiolo\Project Paolo\Paolo\Paraschizzi.f3d\Paraschizzi v6.igs"
2023-01-01 15:20:24,378 - INFO - Writing dxf sketch file "C:/Users/paolo/src/3d/from_fusion_360\Hub Mattiolo\Project Paolo\Paolo\Paraschizzi.f3d\Paraschizzi v6\Sketch1.dxf"
2023-01-01 15:20:24,384 - INFO - Writing dxf sketch file "C:/Users/paolo/src/3d/from_fusion_360\Hub Mattiolo\Project Paolo\Paolo\Paraschizzi.f3d\Paraschizzi v6\Sketch2.dxf"
2023-01-01 15:20:24,386 - INFO - Writing dxf sketch file "C:/Users/paolo/src/3d/from_fusion_360\Hub Mattiolo\Project Paolo\Paolo\Paraschizzi.f3d\Paraschizzi v6\Sketch3.dxf"
2023-01-01 15:20:24,390 - INFO - Finished exporting file "Para_schizzi"
2023-01-01 15:20:24,701 - INFO - Exporting file "pcb_raiser_3mm"
2023-01-01 15:20:27,979 - INFO - Writing to "C:/Users/paolo/src/3d/from_fusion_360\Hub Mattiolo\Project Paolo\Paolo\pcbraiser3mm.f3d"
2023-01-01 15:20:28,071 - INFO - Writing component "pcb_raiser_3mm v2" to "C:/Users/paolo/src/3d/from_fusion_360\Hub Mattiolo\Project Paolo\Paolo\pcbraiser3mm.f3d"
2023-01-01 15:20:28,074 - INFO - Writing step file "C:/Users/paolo/src/3d/from_fusion_360\Hub Mattiolo\Project Paolo\Paolo\pcbraiser3mm.f3d\pcbraiser3mm v2.stp"
2023-01-01 15:20:28,664 - INFO - Writing stl file "C:/Users/paolo/src/3d/from_fusion_360\Hub Mattiolo\Project Paolo\Paolo\pcbraiser3mm.f3d\pcbraiser3mm v2.stl"
2023-01-01 15:20:29,182 - INFO - Writing stl body file "C:/Users/paolo/src/3d/from_fusion_360\Hub Mattiolo\Project Paolo\Paolo\pcbraiser3mm.f3d\pcbraiser3mm v2\Body1.stl"
2023-01-01 15:20:29,635 - INFO - Writing iges file "C:/Users/paolo/src/3d/from_fusion_360\Hub Mattiolo\Project Paolo\Paolo\pcbraiser3mm.f3d\pcbraiser3mm v2.igs"
2023-01-01 15:20:30,064 - INFO - Writing dxf sketch file "C:/Users/paolo/src/3d/from_fusion_360\Hub Mattiolo\Project Paolo\Paolo\pcbraiser3mm.f3d\pcbraiser3mm v2\Sketch1.dxf"
2023-01-01 15:20:30,067 - INFO - Finished exporting file "pcb_raiser_3mm"
2023-01-01 15:20:30,382 - INFO - Exporting file "pcb_raiser_big"
2023-01-01 15:20:33,677 - INFO - Writing to "C:/Users/paolo/src/3d/from_fusion_360\Hub Mattiolo\Project Paolo\Paolo\pcbraiserbig.f3d"
2023-01-01 15:20:33,756 - INFO - Writing component "pcb_raiser_big v3" to "C:/Users/paolo/src/3d/from_fusion_360\Hub Mattiolo\Project Paolo\Paolo\pcbraiserbig.f3d"
2023-01-01 15:20:33,757 - INFO - Writing step file "C:/Users/paolo/src/3d/from_fusion_360\Hub Mattiolo\Project Paolo\Paolo\pcbraiserbig.f3d\pcbraiserbig v3.stp"
2023-01-01 15:20:34,426 - INFO - Writing stl file "C:/Users/paolo/src/3d/from_fusion_360\Hub Mattiolo\Project Paolo\Paolo\pcbraiserbig.f3d\pcbraiserbig v3.stl"
2023-01-01 15:20:34,993 - INFO - Writing stl body file "C:/Users/paolo/src/3d/from_fusion_360\Hub Mattiolo\Project Paolo\Paolo\pcbraiserbig.f3d\pcbraiserbig v3\Body1.stl"
2023-01-01 15:20:35,475 - INFO - Writing iges file "C:/Users/paolo/src/3d/from_fusion_360\Hub Mattiolo\Project Paolo\Paolo\pcbraiserbig.f3d\pcbraiserbig v3.igs"
2023-01-01 15:20:35,943 - INFO - Writing dxf sketch file "C:/Users/paolo/src/3d/from_fusion_360\Hub Mattiolo\Project Paolo\Paolo\pcbraiserbig.f3d\pcbraiserbig v3\Sketch1.dxf"
2023-01-01 15:20:35,946 - INFO - Finished exporting file "pcb_raiser_big"
2023-01-01 15:20:36,279 - INFO - Exporting file "portatermometro"
2023-01-01 15:20:40,100 - INFO - Writing to "C:/Users/paolo/src/3d/from_fusion_360\Hub Mattiolo\Project Paolo\Paolo\portatermometro.f3d"
2023-01-01 15:20:40,210 - INFO - Writing component "portatermometro v2" to "C:/Users/paolo/src/3d/from_fusion_360\Hub Mattiolo\Project Paolo\Paolo\portatermometro.f3d"
2023-01-01 15:20:40,210 - INFO - Writing step file "C:/Users/paolo/src/3d/from_fusion_360\Hub Mattiolo\Project Paolo\Paolo\portatermometro.f3d\portatermometro v2.stp"
2023-01-01 15:20:40,795 - INFO - Writing stl file "C:/Users/paolo/src/3d/from_fusion_360\Hub Mattiolo\Project Paolo\Paolo\portatermometro.f3d\portatermometro v2.stl"
2023-01-01 15:20:41,267 - INFO - Writing stl body file "C:/Users/paolo/src/3d/from_fusion_360\Hub Mattiolo\Project Paolo\Paolo\portatermometro.f3d\portatermometro v2\Body1.stl"
2023-01-01 15:20:41,762 - INFO - Writing iges file "C:/Users/paolo/src/3d/from_fusion_360\Hub Mattiolo\Project Paolo\Paolo\portatermometro.f3d\portatermometro v2.igs"
2023-01-01 15:20:42,240 - INFO - Writing dxf sketch file "C:/Users/paolo/src/3d/from_fusion_360\Hub Mattiolo\Project Paolo\Paolo\portatermometro.f3d\portatermometro v2\Sketch1.dxf"
2023-01-01 15:20:42,243 - INFO - Writing dxf sketch file "C:/Users/paolo/src/3d/from_fusion_360\Hub Mattiolo\Project Paolo\Paolo\portatermometro.f3d\portatermometro v2\Sketch2.dxf"
2023-01-01 15:20:42,246 - INFO - Finished exporting file "portatermometro"
2023-01-01 15:20:42,578 - INFO - Exporting file "pot_extender"
2023-01-01 15:20:44,137 - INFO - Writing to "C:/Users/paolo/src/3d/from_fusion_360\Hub Mattiolo\Project Paolo\Paolo\potextender.f3d"
2023-01-01 15:20:44,254 - INFO - Writing component "pot_extender v4" to "C:/Users/paolo/src/3d/from_fusion_360\Hub Mattiolo\Project Paolo\Paolo\potextender.f3d"
2023-01-01 15:20:44,254 - INFO - Writing step file "C:/Users/paolo/src/3d/from_fusion_360\Hub Mattiolo\Project Paolo\Paolo\potextender.f3d\potextender v4.stp"
2023-01-01 15:20:44,847 - INFO - Writing stl file "C:/Users/paolo/src/3d/from_fusion_360\Hub Mattiolo\Project Paolo\Paolo\potextender.f3d\potextender v4.stl"
2023-01-01 15:20:45,345 - INFO - Writing stl body file "C:/Users/paolo/src/3d/from_fusion_360\Hub Mattiolo\Project Paolo\Paolo\potextender.f3d\potextender v4\Body1.stl"
2023-01-01 15:20:45,843 - INFO - Writing iges file "C:/Users/paolo/src/3d/from_fusion_360\Hub Mattiolo\Project Paolo\Paolo\potextender.f3d\potextender v4.igs"
2023-01-01 15:20:46,342 - INFO - Writing dxf sketch file "C:/Users/paolo/src/3d/from_fusion_360\Hub Mattiolo\Project Paolo\Paolo\potextender.f3d\potextender v4\Sketch1.dxf"
2023-01-01 15:20:46,344 - INFO - Writing dxf sketch file "C:/Users/paolo/src/3d/from_fusion_360\Hub Mattiolo\Project Paolo\Paolo\potextender.f3d\potextender v4\Sketch2.dxf"
2023-01-01 15:20:46,346 - INFO - Finished exporting file "pot_extender"
2023-01-01 15:20:46,667 - INFO - Exporting file "qcx_encoder"
2023-01-01 15:20:50,032 - INFO - Writing to "C:/Users/paolo/src/3d/from_fusion_360\Hub Mattiolo\Project Paolo\Paolo\qcxencoder.f3d"
2023-01-01 15:20:50,134 - INFO - Writing component "qcx_encoder v2" to "C:/Users/paolo/src/3d/from_fusion_360\Hub Mattiolo\Project Paolo\Paolo\qcxencoder.f3d"
2023-01-01 15:20:50,135 - INFO - Writing step file "C:/Users/paolo/src/3d/from_fusion_360\Hub Mattiolo\Project Paolo\Paolo\qcxencoder.f3d\qcxencoder v2.stp"
2023-01-01 15:20:50,741 - INFO - Writing stl file "C:/Users/paolo/src/3d/from_fusion_360\Hub Mattiolo\Project Paolo\Paolo\qcxencoder.f3d\qcxencoder v2.stl"
2023-01-01 15:20:51,343 - INFO - Writing stl body file "C:/Users/paolo/src/3d/from_fusion_360\Hub Mattiolo\Project Paolo\Paolo\qcxencoder.f3d\qcxencoder v2\Body1.stl"
2023-01-01 15:20:51,825 - INFO - Writing iges file "C:/Users/paolo/src/3d/from_fusion_360\Hub Mattiolo\Project Paolo\Paolo\qcxencoder.f3d\qcxencoder v2.igs"
2023-01-01 15:20:52,298 - INFO - Writing dxf sketch file "C:/Users/paolo/src/3d/from_fusion_360\Hub Mattiolo\Project Paolo\Paolo\qcxencoder.f3d\qcxencoder v2\Sketch1.dxf"
2023-01-01 15:20:52,301 - INFO - Writing dxf sketch file "C:/Users/paolo/src/3d/from_fusion_360\Hub Mattiolo\Project Paolo\Paolo\qcxencoder.f3d\qcxencoder v2\Sketch2.dxf"
2023-01-01 15:20:52,304 - INFO - Finished exporting file "qcx_encoder"
2023-01-01 15:20:52,634 - INFO - Exporting file "qcx_pushbuttons"
2023-01-01 15:20:55,981 - INFO - Writing to "C:/Users/paolo/src/3d/from_fusion_360\Hub Mattiolo\Project Paolo\Paolo\qcxpushbuttons.f3d"
2023-01-01 15:20:56,051 - INFO - Writing component "qcx_pushbuttons v5" to "C:/Users/paolo/src/3d/from_fusion_360\Hub Mattiolo\Project Paolo\Paolo\qcxpushbuttons.f3d"
2023-01-01 15:20:56,052 - INFO - Writing step file "C:/Users/paolo/src/3d/from_fusion_360\Hub Mattiolo\Project Paolo\Paolo\qcxpushbuttons.f3d\qcxpushbuttons v5.stp"
2023-01-01 15:20:56,734 - INFO - Writing stl file "C:/Users/paolo/src/3d/from_fusion_360\Hub Mattiolo\Project Paolo\Paolo\qcxpushbuttons.f3d\qcxpushbuttons v5.stl"
2023-01-01 15:20:57,511 - INFO - Writing stl body file "C:/Users/paolo/src/3d/from_fusion_360\Hub Mattiolo\Project Paolo\Paolo\qcxpushbuttons.f3d\qcxpushbuttons v5\Body1.stl"
2023-01-01 15:20:58,039 - INFO - Writing iges file "C:/Users/paolo/src/3d/from_fusion_360\Hub Mattiolo\Project Paolo\Paolo\qcxpushbuttons.f3d\qcxpushbuttons v5.igs"
2023-01-01 15:20:58,588 - INFO - Writing dxf sketch file "C:/Users/paolo/src/3d/from_fusion_360\Hub Mattiolo\Project Paolo\Paolo\qcxpushbuttons.f3d\qcxpushbuttons v5\Sketch1.dxf"
2023-01-01 15:20:58,592 - INFO - Writing dxf sketch file "C:/Users/paolo/src/3d/from_fusion_360\Hub Mattiolo\Project Paolo\Paolo\qcxpushbuttons.f3d\qcxpushbuttons v5\Sketch2.dxf"
2023-01-01 15:20:58,594 - INFO - Finished exporting file "qcx_pushbuttons"
2023-01-01 15:20:58,911 - INFO - Exporting file "qcx_rf_gain"
2023-01-01 15:21:02,305 - INFO - Writing to "C:/Users/paolo/src/3d/from_fusion_360\Hub Mattiolo\Project Paolo\Paolo\qcxrfgain.f3d"
2023-01-01 15:21:02,393 - INFO - Writing component "qcx_rf_gain v5" to "C:/Users/paolo/src/3d/from_fusion_360\Hub Mattiolo\Project Paolo\Paolo\qcxrfgain.f3d"
2023-01-01 15:21:02,394 - INFO - Writing step file "C:/Users/paolo/src/3d/from_fusion_360\Hub Mattiolo\Project Paolo\Paolo\qcxrfgain.f3d\qcxrfgain v5.stp"
2023-01-01 15:21:02,988 - INFO - Writing stl file "C:/Users/paolo/src/3d/from_fusion_360\Hub Mattiolo\Project Paolo\Paolo\qcxrfgain.f3d\qcxrfgain v5.stl"
2023-01-01 15:21:03,741 - INFO - Writing stl body file "C:/Users/paolo/src/3d/from_fusion_360\Hub Mattiolo\Project Paolo\Paolo\qcxrfgain.f3d\qcxrfgain v5\Body1.stl"
2023-01-01 15:21:04,371 - INFO - Writing iges file "C:/Users/paolo/src/3d/from_fusion_360\Hub Mattiolo\Project Paolo\Paolo\qcxrfgain.f3d\qcxrfgain v5.igs"
2023-01-01 15:21:04,852 - INFO - Writing dxf sketch file "C:/Users/paolo/src/3d/from_fusion_360\Hub Mattiolo\Project Paolo\Paolo\qcxrfgain.f3d\qcxrfgain v5\Sketch1.dxf"
2023-01-01 15:21:04,856 - INFO - Writing dxf sketch file "C:/Users/paolo/src/3d/from_fusion_360\Hub Mattiolo\Project Paolo\Paolo\qcxrfgain.f3d\qcxrfgain v5\Sketch2.dxf"
2023-01-01 15:21:04,858 - INFO - Finished exporting file "qcx_rf_gain"
2023-01-01 15:21:05,188 - INFO - Exporting file "receiver_holder"
2023-01-01 15:21:07,132 - INFO - Writing to "C:/Users/paolo/src/3d/from_fusion_360\Hub Mattiolo\Project Paolo\Paolo\receiverholder.f3d"
2023-01-01 15:21:07,354 - INFO - Writing component "receiver_holder v4" to "C:/Users/paolo/src/3d/from_fusion_360\Hub Mattiolo\Project Paolo\Paolo\receiverholder.f3d"
2023-01-01 15:21:07,356 - INFO - Writing step file "C:/Users/paolo/src/3d/from_fusion_360\Hub Mattiolo\Project Paolo\Paolo\receiverholder.f3d\receiverholder v4.stp"
2023-01-01 15:21:07,998 - INFO - Writing stl file "C:/Users/paolo/src/3d/from_fusion_360\Hub Mattiolo\Project Paolo\Paolo\receiverholder.f3d\receiverholder v4.stl"
2023-01-01 15:21:08,839 - INFO - Writing stl body file "C:/Users/paolo/src/3d/from_fusion_360\Hub Mattiolo\Project Paolo\Paolo\receiverholder.f3d\receiverholder v4\Body1.stl"
2023-01-01 15:21:09,338 - INFO - Writing iges file "C:/Users/paolo/src/3d/from_fusion_360\Hub Mattiolo\Project Paolo\Paolo\receiverholder.f3d\receiverholder v4.igs"
2023-01-01 15:21:09,912 - INFO - Writing dxf sketch file "C:/Users/paolo/src/3d/from_fusion_360\Hub Mattiolo\Project Paolo\Paolo\receiverholder.f3d\receiverholder v4\Sketch1.dxf"
2023-01-01 15:21:09,916 - INFO - Writing dxf sketch file "C:/Users/paolo/src/3d/from_fusion_360\Hub Mattiolo\Project Paolo\Paolo\receiverholder.f3d\receiverholder v4\Sketch3.dxf"
2023-01-01 15:21:09,920 - INFO - Writing dxf sketch file "C:/Users/paolo/src/3d/from_fusion_360\Hub Mattiolo\Project Paolo\Paolo\receiverholder.f3d\receiverholder v4\Sketch4.dxf"
2023-01-01 15:21:09,922 - INFO - Finished exporting file "receiver_holder"
2023-01-01 15:21:10,256 - INFO - Exporting file "Redmi8_holster"
2023-01-01 15:21:13,943 - INFO - Writing to "C:/Users/paolo/src/3d/from_fusion_360\Hub Mattiolo\Project Paolo\Paolo\Redmi8holster.f3d"
2023-01-01 15:21:14,190 - INFO - Writing component "Redmi8_holster v6" to "C:/Users/paolo/src/3d/from_fusion_360\Hub Mattiolo\Project Paolo\Paolo\Redmi8holster.f3d"
2023-01-01 15:21:14,191 - INFO - Writing step file "C:/Users/paolo/src/3d/from_fusion_360\Hub Mattiolo\Project Paolo\Paolo\Redmi8holster.f3d\Redmi8holster v6.stp"
2023-01-01 15:21:14,929 - INFO - Writing stl file "C:/Users/paolo/src/3d/from_fusion_360\Hub Mattiolo\Project Paolo\Paolo\Redmi8holster.f3d\Redmi8holster v6.stl"
2023-01-01 15:21:15,530 - INFO - Writing stl body file "C:/Users/paolo/src/3d/from_fusion_360\Hub Mattiolo\Project Paolo\Paolo\Redmi8holster.f3d\Redmi8holster v6\Body1.stl"
2023-01-01 15:21:16,075 - INFO - Writing iges file "C:/Users/paolo/src/3d/from_fusion_360\Hub Mattiolo\Project Paolo\Paolo\Redmi8holster.f3d\Redmi8holster v6.igs"
2023-01-01 15:21:16,704 - INFO - Writing dxf sketch file "C:/Users/paolo/src/3d/from_fusion_360\Hub Mattiolo\Project Paolo\Paolo\Redmi8holster.f3d\Redmi8holster v6\Sketch1.dxf"
2023-01-01 15:21:16,708 - INFO - Writing dxf sketch file "C:/Users/paolo/src/3d/from_fusion_360\Hub Mattiolo\Project Paolo\Paolo\Redmi8holster.f3d\Redmi8holster v6\Sketch2.dxf"
2023-01-01 15:21:16,712 - INFO - Writing dxf sketch file "C:/Users/paolo/src/3d/from_fusion_360\Hub Mattiolo\Project Paolo\Paolo\Redmi8holster.f3d\Redmi8holster v6\Sketch3.dxf"
2023-01-01 15:21:16,715 - INFO - Finished exporting file "Redmi8_holster"
2023-01-01 15:21:17,058 - INFO - Exporting file "Redmi8_holster"
2023-01-01 15:21:20,710 - INFO - Writing to "C:/Users/paolo/src/3d/from_fusion_360\Hub Mattiolo\Project Paolo\Paolo\Redmi8holster.f3d"
2023-01-01 15:21:20,870 - INFO - Writing component "Redmi8_holster v1" to "C:/Users/paolo/src/3d/from_fusion_360\Hub Mattiolo\Project Paolo\Paolo\Redmi8holster.f3d"
2023-01-01 15:21:20,870 - INFO - Writing step file "C:/Users/paolo/src/3d/from_fusion_360\Hub Mattiolo\Project Paolo\Paolo\Redmi8holster.f3d\Redmi8holster v1.stp"
2023-01-01 15:21:21,585 - INFO - Writing stl file "C:/Users/paolo/src/3d/from_fusion_360\Hub Mattiolo\Project Paolo\Paolo\Redmi8holster.f3d\Redmi8holster v1.stl"
2023-01-01 15:21:22,132 - INFO - Writing stl body file "C:/Users/paolo/src/3d/from_fusion_360\Hub Mattiolo\Project Paolo\Paolo\Redmi8holster.f3d\Redmi8holster v1\Body1.stl"
2023-01-01 15:21:22,628 - INFO - Writing iges file "C:/Users/paolo/src/3d/from_fusion_360\Hub Mattiolo\Project Paolo\Paolo\Redmi8holster.f3d\Redmi8holster v1.igs"
2023-01-01 15:21:23,180 - INFO - Writing dxf sketch file "C:/Users/paolo/src/3d/from_fusion_360\Hub Mattiolo\Project Paolo\Paolo\Redmi8holster.f3d\Redmi8holster v1\Sketch1.dxf"
2023-01-01 15:21:23,184 - INFO - Writing dxf sketch file "C:/Users/paolo/src/3d/from_fusion_360\Hub Mattiolo\Project Paolo\Paolo\Redmi8holster.f3d\Redmi8holster v1\Sketch2.dxf"
2023-01-01 15:21:23,187 - INFO - Writing dxf sketch file "C:/Users/paolo/src/3d/from_fusion_360\Hub Mattiolo\Project Paolo\Paolo\Redmi8holster.f3d\Redmi8holster v1\Sketch3.dxf"
2023-01-01 15:21:23,190 - INFO - Finished exporting file "Redmi8_holster"
2023-01-01 15:21:23,515 - INFO - Exporting file "rpi_touch_support_extender"
2023-01-01 15:21:26,869 - INFO - Writing to "C:/Users/paolo/src/3d/from_fusion_360\Hub Mattiolo\Project Paolo\Paolo\rpitouchsupportextender.f3d"
2023-01-01 15:21:26,969 - INFO - Writing component "rpi_touch_support_extender v1" to "C:/Users/paolo/src/3d/from_fusion_360\Hub Mattiolo\Project Paolo\Paolo\rpitouchsupportextender.f3d"
2023-01-01 15:21:26,970 - INFO - Writing step file "C:/Users/paolo/src/3d/from_fusion_360\Hub Mattiolo\Project Paolo\Paolo\rpitouchsupportextender.f3d\rpitouchsupportextender v1.stp"
2023-01-01 15:21:27,540 - INFO - Writing stl file "C:/Users/paolo/src/3d/from_fusion_360\Hub Mattiolo\Project Paolo\Paolo\rpitouchsupportextender.f3d\rpitouchsupportextender v1.stl"
2023-01-01 15:21:28,045 - INFO - Writing stl body file "C:/Users/paolo/src/3d/from_fusion_360\Hub Mattiolo\Project Paolo\Paolo\rpitouchsupportextender.f3d\rpitouchsupportextender v1\Body1.stl"
2023-01-01 15:21:28,595 - INFO - Writing iges file "C:/Users/paolo/src/3d/from_fusion_360\Hub Mattiolo\Project Paolo\Paolo\rpitouchsupportextender.f3d\rpitouchsupportextender v1.igs"
2023-01-01 15:21:29,048 - INFO - Writing dxf sketch file "C:/Users/paolo/src/3d/from_fusion_360\Hub Mattiolo\Project Paolo\Paolo\rpitouchsupportextender.f3d\rpitouchsupportextender v1\Sketch1.dxf"
2023-01-01 15:21:29,050 - INFO - Finished exporting file "rpi_touch_support_extender"
2023-01-01 15:21:29,376 - INFO - Exporting file "rsp1A_holder"
2023-01-01 15:21:31,001 - INFO - Writing to "C:/Users/paolo/src/3d/from_fusion_360\Hub Mattiolo\Project Paolo\Paolo\rsp1Aholder.f3d"
2023-01-01 15:21:31,196 - INFO - Writing component "rsp1A_holder v5" to "C:/Users/paolo/src/3d/from_fusion_360\Hub Mattiolo\Project Paolo\Paolo\rsp1Aholder.f3d"
2023-01-01 15:21:31,196 - INFO - Writing step file "C:/Users/paolo/src/3d/from_fusion_360\Hub Mattiolo\Project Paolo\Paolo\rsp1Aholder.f3d\rsp1Aholder v5.stp"
2023-01-01 15:21:31,898 - INFO - Writing stl file "C:/Users/paolo/src/3d/from_fusion_360\Hub Mattiolo\Project Paolo\Paolo\rsp1Aholder.f3d\rsp1Aholder v5.stl"
2023-01-01 15:21:32,469 - INFO - Writing stl body file "C:/Users/paolo/src/3d/from_fusion_360\Hub Mattiolo\Project Paolo\Paolo\rsp1Aholder.f3d\rsp1Aholder v5\Body1.stl"
2023-01-01 15:21:32,995 - INFO - Writing iges file "C:/Users/paolo/src/3d/from_fusion_360\Hub Mattiolo\Project Paolo\Paolo\rsp1Aholder.f3d\rsp1Aholder v5.igs"
2023-01-01 15:21:33,652 - INFO - Writing dxf sketch file "C:/Users/paolo/src/3d/from_fusion_360\Hub Mattiolo\Project Paolo\Paolo\rsp1Aholder.f3d\rsp1Aholder v5\Sketch1.dxf"
2023-01-01 15:21:33,655 - INFO - Writing dxf sketch file "C:/Users/paolo/src/3d/from_fusion_360\Hub Mattiolo\Project Paolo\Paolo\rsp1Aholder.f3d\rsp1Aholder v5\Sketch3.dxf"
2023-01-01 15:21:33,661 - INFO - Finished exporting file "rsp1A_holder"
2023-01-01 15:21:34,021 - INFO - Exporting file "rt_holder_joiner"
2023-01-01 15:21:37,402 - INFO - Writing to "C:/Users/paolo/src/3d/from_fusion_360\Hub Mattiolo\Project Paolo\Paolo\rtholderjoiner.f3d"
2023-01-01 15:21:37,526 - INFO - Writing component "rt_holder_joiner v1" to "C:/Users/paolo/src/3d/from_fusion_360\Hub Mattiolo\Project Paolo\Paolo\rtholderjoiner.f3d"
2023-01-01 15:21:37,527 - INFO - Writing step file "C:/Users/paolo/src/3d/from_fusion_360\Hub Mattiolo\Project Paolo\Paolo\rtholderjoiner.f3d\rtholderjoiner v1.stp"
2023-01-01 15:21:38,090 - INFO - Writing stl file "C:/Users/paolo/src/3d/from_fusion_360\Hub Mattiolo\Project Paolo\Paolo\rtholderjoiner.f3d\rtholderjoiner v1.stl"
2023-01-01 15:21:38,633 - INFO - Writing stl body file "C:/Users/paolo/src/3d/from_fusion_360\Hub Mattiolo\Project Paolo\Paolo\rtholderjoiner.f3d\rtholderjoiner v1\Body1.stl"
2023-01-01 15:21:39,195 - INFO - Writing stl body file "C:/Users/paolo/src/3d/from_fusion_360\Hub Mattiolo\Project Paolo\Paolo\rtholderjoiner.f3d\rtholderjoiner v1\Body2.stl"
2023-01-01 15:21:39,645 - INFO - Writing iges file "C:/Users/paolo/src/3d/from_fusion_360\Hub Mattiolo\Project Paolo\Paolo\rtholderjoiner.f3d\rtholderjoiner v1.igs"
2023-01-01 15:21:40,072 - INFO - Writing dxf sketch file "C:/Users/paolo/src/3d/from_fusion_360\Hub Mattiolo\Project Paolo\Paolo\rtholderjoiner.f3d\rtholderjoiner v1\Sketch1.dxf"
2023-01-01 15:21:40,074 - INFO - Finished exporting file "rt_holder_joiner"
2023-01-01 15:21:40,411 - INFO - Exporting file "rtx_support"
2023-01-01 15:21:43,768 - INFO - Writing to "C:/Users/paolo/src/3d/from_fusion_360\Hub Mattiolo\Project Paolo\Paolo\rtxsupport.f3d"
2023-01-01 15:21:44,448 - INFO - Writing component "rtx_support v2" to "C:/Users/paolo/src/3d/from_fusion_360\Hub Mattiolo\Project Paolo\Paolo\rtxsupport.f3d"
2023-01-01 15:21:44,449 - INFO - Writing step file "C:/Users/paolo/src/3d/from_fusion_360\Hub Mattiolo\Project Paolo\Paolo\rtxsupport.f3d\rtxsupport v2.stp"
2023-01-01 15:21:45,189 - INFO - Writing stl file "C:/Users/paolo/src/3d/from_fusion_360\Hub Mattiolo\Project Paolo\Paolo\rtxsupport.f3d\rtxsupport v2.stl"
2023-01-01 15:21:45,684 - INFO - Writing stl body file "C:/Users/paolo/src/3d/from_fusion_360\Hub Mattiolo\Project Paolo\Paolo\rtxsupport.f3d\rtxsupport v2\Body1.stl"
2023-01-01 15:21:46,219 - INFO - Writing iges file "C:/Users/paolo/src/3d/from_fusion_360\Hub Mattiolo\Project Paolo\Paolo\rtxsupport.f3d\rtxsupport v2.igs"
2023-01-01 15:21:46,679 - INFO - Writing dxf sketch file "C:/Users/paolo/src/3d/from_fusion_360\Hub Mattiolo\Project Paolo\Paolo\rtxsupport.f3d\rtxsupport v2\Sketch1.dxf"
2023-01-01 15:21:46,681 - INFO - Finished exporting file "rtx_support"
2023-01-01 15:21:47,028 - INFO - Exporting file "Samsung_holster"
2023-01-01 15:21:50,727 - INFO - Writing to "C:/Users/paolo/src/3d/from_fusion_360\Hub Mattiolo\Project Paolo\Paolo\Samsungholster.f3d"
2023-01-01 15:21:50,892 - INFO - Writing component "Samsung_holster v4" to "C:/Users/paolo/src/3d/from_fusion_360\Hub Mattiolo\Project Paolo\Paolo\Samsungholster.f3d"
2023-01-01 15:21:50,893 - INFO - Writing step file "C:/Users/paolo/src/3d/from_fusion_360\Hub Mattiolo\Project Paolo\Paolo\Samsungholster.f3d\Samsungholster v4.stp"
2023-01-01 15:21:51,599 - INFO - Writing stl file "C:/Users/paolo/src/3d/from_fusion_360\Hub Mattiolo\Project Paolo\Paolo\Samsungholster.f3d\Samsungholster v4.stl"
2023-01-01 15:21:52,211 - INFO - Writing stl body file "C:/Users/paolo/src/3d/from_fusion_360\Hub Mattiolo\Project Paolo\Paolo\Samsungholster.f3d\Samsungholster v4\Body1.stl"
2023-01-01 15:21:52,741 - INFO - Writing iges file "C:/Users/paolo/src/3d/from_fusion_360\Hub Mattiolo\Project Paolo\Paolo\Samsungholster.f3d\Samsungholster v4.igs"
2023-01-01 15:21:53,674 - INFO - Writing dxf sketch file "C:/Users/paolo/src/3d/from_fusion_360\Hub Mattiolo\Project Paolo\Paolo\Samsungholster.f3d\Samsungholster v4\Sketch1.dxf"
2023-01-01 15:21:53,678 - INFO - Writing dxf sketch file "C:/Users/paolo/src/3d/from_fusion_360\Hub Mattiolo\Project Paolo\Paolo\Samsungholster.f3d\Samsungholster v4\Sketch2.dxf"
2023-01-01 15:21:53,682 - INFO - Writing dxf sketch file "C:/Users/paolo/src/3d/from_fusion_360\Hub Mattiolo\Project Paolo\Paolo\Samsungholster.f3d\Samsungholster v4\Sketch4.dxf"
2023-01-01 15:21:53,685 - INFO - Writing dxf sketch file "C:/Users/paolo/src/3d/from_fusion_360\Hub Mattiolo\Project Paolo\Paolo\Samsungholster.f3d\Samsungholster v4\Sketch3.dxf"
2023-01-01 15:21:53,689 - INFO - Finished exporting file "Samsung_holster"
2023-01-01 15:21:54,042 - INFO - Exporting file "sbec_holder"
2023-01-01 15:21:55,886 - INFO - Writing to "C:/Users/paolo/src/3d/from_fusion_360\Hub Mattiolo\Project Paolo\Paolo\sbecholder.f3d"
2023-01-01 15:21:56,008 - INFO - Writing component "sbec_holder v2" to "C:/Users/paolo/src/3d/from_fusion_360\Hub Mattiolo\Project Paolo\Paolo\sbecholder.f3d"
2023-01-01 15:21:56,009 - INFO - Writing step file "C:/Users/paolo/src/3d/from_fusion_360\Hub Mattiolo\Project Paolo\Paolo\sbecholder.f3d\sbecholder v2.stp"
2023-01-01 15:21:56,789 - INFO - Writing stl file "C:/Users/paolo/src/3d/from_fusion_360\Hub Mattiolo\Project Paolo\Paolo\sbecholder.f3d\sbecholder v2.stl"
2023-01-01 15:21:57,471 - INFO - Writing stl body file "C:/Users/paolo/src/3d/from_fusion_360\Hub Mattiolo\Project Paolo\Paolo\sbecholder.f3d\sbecholder v2\Body1.stl"
2023-01-01 15:21:57,964 - INFO - Writing iges file "C:/Users/paolo/src/3d/from_fusion_360\Hub Mattiolo\Project Paolo\Paolo\sbecholder.f3d\sbecholder v2.igs"
2023-01-01 15:21:58,508 - INFO - Writing dxf sketch file "C:/Users/paolo/src/3d/from_fusion_360\Hub Mattiolo\Project Paolo\Paolo\sbecholder.f3d\sbecholder v2\Sketch1.dxf"
2023-01-01 15:21:58,514 - INFO - Writing dxf sketch file "C:/Users/paolo/src/3d/from_fusion_360\Hub Mattiolo\Project Paolo\Paolo\sbecholder.f3d\sbecholder v2\Sketch3.dxf"
2023-01-01 15:21:58,518 - INFO - Writing dxf sketch file "C:/Users/paolo/src/3d/from_fusion_360\Hub Mattiolo\Project Paolo\Paolo\sbecholder.f3d\sbecholder v2\Sketch4.dxf"
2023-01-01 15:21:58,522 - INFO - Finished exporting file "sbec_holder"
2023-01-01 15:21:58,874 - INFO - Exporting file "spessori_alti_frigo_bosch"
2023-01-01 15:22:02,572 - INFO - Writing to "C:/Users/paolo/src/3d/from_fusion_360\Hub Mattiolo\Project Paolo\Paolo\spessorialtifrigobosch.f3d"
2023-01-01 15:22:02,661 - INFO - Writing component "spessori_alti_frigo_bosch v2" to "C:/Users/paolo/src/3d/from_fusion_360\Hub Mattiolo\Project Paolo\Paolo\spessorialtifrigobosch.f3d"
2023-01-01 15:22:02,662 - INFO - Writing step file "C:/Users/paolo/src/3d/from_fusion_360\Hub Mattiolo\Project Paolo\Paolo\spessorialtifrigobosch.f3d\spessorialtifrigobosch v2.stp"
2023-01-01 15:22:03,640 - INFO - Writing stl file "C:/Users/paolo/src/3d/from_fusion_360\Hub Mattiolo\Project Paolo\Paolo\spessorialtifrigobosch.f3d\spessorialtifrigobosch v2.stl"
2023-01-01 15:22:04,719 - INFO - Writing stl body file "C:/Users/paolo/src/3d/from_fusion_360\Hub Mattiolo\Project Paolo\Paolo\spessorialtifrigobosch.f3d\spessorialtifrigobosch v2\Body1.stl"
2023-01-01 15:22:05,624 - INFO - Writing iges file "C:/Users/paolo/src/3d/from_fusion_360\Hub Mattiolo\Project Paolo\Paolo\spessorialtifrigobosch.f3d\spessorialtifrigobosch v2.igs"
2023-01-01 15:22:06,160 - INFO - Writing dxf sketch file "C:/Users/paolo/src/3d/from_fusion_360\Hub Mattiolo\Project Paolo\Paolo\spessorialtifrigobosch.f3d\spessorialtifrigobosch v2\Sketch1.dxf"
2023-01-01 15:22:06,163 - INFO - Finished exporting file "spessori_alti_frigo_bosch"
2023-01-01 15:22:06,496 - INFO - Exporting file "spessori_alti_frigo_piccoli_bosch"
2023-01-01 15:22:10,306 - INFO - Writing to "C:/Users/paolo/src/3d/from_fusion_360\Hub Mattiolo\Project Paolo\Paolo\spessorialtifrigopiccolibosch.f3d"
2023-01-01 15:22:10,416 - INFO - Writing component "spessori_alti_frigo_piccoli_bosch v2" to "C:/Users/paolo/src/3d/from_fusion_360\Hub Mattiolo\Project Paolo\Paolo\spessorialtifrigopiccolibosch.f3d"
2023-01-01 15:22:10,417 - INFO - Writing step file "C:/Users/paolo/src/3d/from_fusion_360\Hub Mattiolo\Project Paolo\Paolo\spessorialtifrigopiccolibosch.f3d\spessorialtifrigopiccolibosch v2.stp"
2023-01-01 15:22:10,985 - INFO - Writing stl file "C:/Users/paolo/src/3d/from_fusion_360\Hub Mattiolo\Project Paolo\Paolo\spessorialtifrigopiccolibosch.f3d\spessorialtifrigopiccolibosch v2.stl"
2023-01-01 15:22:11,455 - INFO - Writing stl body file "C:/Users/paolo/src/3d/from_fusion_360\Hub Mattiolo\Project Paolo\Paolo\spessorialtifrigopiccolibosch.f3d\spessorialtifrigopiccolibosch v2\Body2.stl"
2023-01-01 15:22:12,003 - INFO - Writing iges file "C:/Users/paolo/src/3d/from_fusion_360\Hub Mattiolo\Project Paolo\Paolo\spessorialtifrigopiccolibosch.f3d\spessorialtifrigopiccolibosch v2.igs"
2023-01-01 15:22:12,460 - INFO - Writing dxf sketch file "C:/Users/paolo/src/3d/from_fusion_360\Hub Mattiolo\Project Paolo\Paolo\spessorialtifrigopiccolibosch.f3d\spessorialtifrigopiccolibosch v2\Sketch2.dxf"
2023-01-01 15:22:12,463 - INFO - Finished exporting file "spessori_alti_frigo_piccoli_bosch"
2023-01-01 15:22:12,808 - INFO - Exporting file "spessori_frigo_bosch"
2023-01-01 15:22:16,276 - INFO - Writing to "C:/Users/paolo/src/3d/from_fusion_360\Hub Mattiolo\Project Paolo\Paolo\spessorifrigobosch.f3d"
2023-01-01 15:22:16,368 - INFO - Writing component "spessori_frigo_bosch v2" to "C:/Users/paolo/src/3d/from_fusion_360\Hub Mattiolo\Project Paolo\Paolo\spessorifrigobosch.f3d"
2023-01-01 15:22:16,370 - INFO - Writing step file "C:/Users/paolo/src/3d/from_fusion_360\Hub Mattiolo\Project Paolo\Paolo\spessorifrigobosch.f3d\spessorifrigobosch v2.stp"
2023-01-01 15:22:17,137 - INFO - Writing stl file "C:/Users/paolo/src/3d/from_fusion_360\Hub Mattiolo\Project Paolo\Paolo\spessorifrigobosch.f3d\spessorifrigobosch v2.stl"
2023-01-01 15:22:17,715 - INFO - Writing stl body file "C:/Users/paolo/src/3d/from_fusion_360\Hub Mattiolo\Project Paolo\Paolo\spessorifrigobosch.f3d\spessorifrigobosch v2\Body1.stl"
2023-01-01 15:22:18,187 - INFO - Writing iges file "C:/Users/paolo/src/3d/from_fusion_360\Hub Mattiolo\Project Paolo\Paolo\spessorifrigobosch.f3d\spessorifrigobosch v2.igs"
2023-01-01 15:22:18,637 - INFO - Writing dxf sketch file "C:/Users/paolo/src/3d/from_fusion_360\Hub Mattiolo\Project Paolo\Paolo\spessorifrigobosch.f3d\spessorifrigobosch v2\Sketch1.dxf"
2023-01-01 15:22:18,640 - INFO - Finished exporting file "spessori_frigo_bosch"
2023-01-01 15:22:18,960 - INFO - Exporting file "tappo_camper"
2023-01-01 15:22:20,556 - INFO - Writing to "C:/Users/paolo/src/3d/from_fusion_360\Hub Mattiolo\Project Paolo\Paolo\tappocamper.f3d"
2023-01-01 15:22:20,650 - INFO - Writing component "tappo_camper v2" to "C:/Users/paolo/src/3d/from_fusion_360\Hub Mattiolo\Project Paolo\Paolo\tappocamper.f3d"
2023-01-01 15:22:20,652 - INFO - Writing step file "C:/Users/paolo/src/3d/from_fusion_360\Hub Mattiolo\Project Paolo\Paolo\tappocamper.f3d\tappocamper v2.stp"
2023-01-01 15:22:21,225 - INFO - Writing stl file "C:/Users/paolo/src/3d/from_fusion_360\Hub Mattiolo\Project Paolo\Paolo\tappocamper.f3d\tappocamper v2.stl"
2023-01-01 15:22:21,790 - INFO - Writing stl body file "C:/Users/paolo/src/3d/from_fusion_360\Hub Mattiolo\Project Paolo\Paolo\tappocamper.f3d\tappocamper v2\Body1.stl"
2023-01-01 15:22:22,332 - INFO - Writing iges file "C:/Users/paolo/src/3d/from_fusion_360\Hub Mattiolo\Project Paolo\Paolo\tappocamper.f3d\tappocamper v2.igs"
2023-01-01 15:22:22,875 - INFO - Writing dxf sketch file "C:/Users/paolo/src/3d/from_fusion_360\Hub Mattiolo\Project Paolo\Paolo\tappocamper.f3d\tappocamper v2\Sketch1.dxf"
2023-01-01 15:22:22,878 - INFO - Finished exporting file "tappo_camper"
2023-01-01 15:22:23,229 - INFO - Exporting file "tappo_camper_27"
2023-01-01 15:22:24,783 - INFO - Writing to "C:/Users/paolo/src/3d/from_fusion_360\Hub Mattiolo\Project Paolo\Paolo\tappocamper27.f3d"
2023-01-01 15:22:24,876 - INFO - Writing component "tappo_camper_27 v2" to "C:/Users/paolo/src/3d/from_fusion_360\Hub Mattiolo\Project Paolo\Paolo\tappocamper27.f3d"
2023-01-01 15:22:24,878 - INFO - Writing step file "C:/Users/paolo/src/3d/from_fusion_360\Hub Mattiolo\Project Paolo\Paolo\tappocamper27.f3d\tappocamper27 v2.stp"
2023-01-01 15:22:25,520 - INFO - Writing stl file "C:/Users/paolo/src/3d/from_fusion_360\Hub Mattiolo\Project Paolo\Paolo\tappocamper27.f3d\tappocamper27 v2.stl"
2023-01-01 15:22:26,028 - INFO - Writing stl body file "C:/Users/paolo/src/3d/from_fusion_360\Hub Mattiolo\Project Paolo\Paolo\tappocamper27.f3d\tappocamper27 v2\Body1.stl"
2023-01-01 15:22:26,599 - INFO - Writing iges file "C:/Users/paolo/src/3d/from_fusion_360\Hub Mattiolo\Project Paolo\Paolo\tappocamper27.f3d\tappocamper27 v2.igs"
2023-01-01 15:22:27,074 - INFO - Writing dxf sketch file "C:/Users/paolo/src/3d/from_fusion_360\Hub Mattiolo\Project Paolo\Paolo\tappocamper27.f3d\tappocamper27 v2\Sketch1.dxf"
2023-01-01 15:22:27,077 - INFO - Finished exporting file "tappo_camper_27"
2023-01-01 15:22:27,424 - INFO - Exporting file "tappo_pannello"
2023-01-01 15:22:29,083 - INFO - Writing to "C:/Users/paolo/src/3d/from_fusion_360\Hub Mattiolo\Project Paolo\Paolo\tappopannello.f3d"
2023-01-01 15:22:29,189 - INFO - Writing component "tappo_pannello v2" to "C:/Users/paolo/src/3d/from_fusion_360\Hub Mattiolo\Project Paolo\Paolo\tappopannello.f3d"
2023-01-01 15:22:29,190 - INFO - Writing step file "C:/Users/paolo/src/3d/from_fusion_360\Hub Mattiolo\Project Paolo\Paolo\tappopannello.f3d\tappopannello v2.stp"
2023-01-01 15:22:30,846 - INFO - Writing stl file "C:/Users/paolo/src/3d/from_fusion_360\Hub Mattiolo\Project Paolo\Paolo\tappopannello.f3d\tappopannello v2.stl"
2023-01-01 15:22:31,401 - INFO - Writing stl body file "C:/Users/paolo/src/3d/from_fusion_360\Hub Mattiolo\Project Paolo\Paolo\tappopannello.f3d\tappopannello v2\Body1.stl"
2023-01-01 15:22:31,961 - INFO - Writing iges file "C:/Users/paolo/src/3d/from_fusion_360\Hub Mattiolo\Project Paolo\Paolo\tappopannello.f3d\tappopannello v2.igs"
2023-01-01 15:22:32,420 - INFO - Writing dxf sketch file "C:/Users/paolo/src/3d/from_fusion_360\Hub Mattiolo\Project Paolo\Paolo\tappopannello.f3d\tappopannello v2\Sketch1.dxf"
2023-01-01 15:22:32,423 - INFO - Finished exporting file "tappo_pannello"
2023-01-01 15:22:32,763 - INFO - Exporting file "TappoVouxung"
2023-01-01 15:22:36,226 - INFO - Writing to "C:/Users/paolo/src/3d/from_fusion_360\Hub Mattiolo\Project Paolo\Paolo\TappoVouxung.f3d"
2023-01-01 15:22:36,347 - INFO - Writing component "TappoVouxung v2" to "C:/Users/paolo/src/3d/from_fusion_360\Hub Mattiolo\Project Paolo\Paolo\TappoVouxung.f3d"
2023-01-01 15:22:36,349 - INFO - Writing step file "C:/Users/paolo/src/3d/from_fusion_360\Hub Mattiolo\Project Paolo\Paolo\TappoVouxung.f3d\TappoVouxung v2.stp"
2023-01-01 15:22:36,930 - INFO - Writing stl file "C:/Users/paolo/src/3d/from_fusion_360\Hub Mattiolo\Project Paolo\Paolo\TappoVouxung.f3d\TappoVouxung v2.stl"
2023-01-01 15:22:37,490 - INFO - Writing stl body file "C:/Users/paolo/src/3d/from_fusion_360\Hub Mattiolo\Project Paolo\Paolo\TappoVouxung.f3d\TappoVouxung v2\Body1.stl"
2023-01-01 15:22:37,963 - INFO - Writing iges file "C:/Users/paolo/src/3d/from_fusion_360\Hub Mattiolo\Project Paolo\Paolo\TappoVouxung.f3d\TappoVouxung v2.igs"
2023-01-01 15:22:38,426 - INFO - Writing dxf sketch file "C:/Users/paolo/src/3d/from_fusion_360\Hub Mattiolo\Project Paolo\Paolo\TappoVouxung.f3d\TappoVouxung v2\Sketch1.dxf"
2023-01-01 15:22:38,429 - INFO - Writing dxf sketch file "C:/Users/paolo/src/3d/from_fusion_360\Hub Mattiolo\Project Paolo\Paolo\TappoVouxung.f3d\TappoVouxung v2\Sketch2.dxf"
2023-01-01 15:22:38,431 - INFO - Finished exporting file "TappoVouxung"
2023-01-01 15:22:38,771 - INFO - Exporting file "tripod_hook"
2023-01-01 15:22:42,312 - INFO - Writing to "C:/Users/paolo/src/3d/from_fusion_360\Hub Mattiolo\Project Paolo\Paolo\tripodhook.f3d"
2023-01-01 15:22:42,420 - INFO - Writing component "tripod_hook v2" to "C:/Users/paolo/src/3d/from_fusion_360\Hub Mattiolo\Project Paolo\Paolo\tripodhook.f3d"
2023-01-01 15:22:42,421 - INFO - Writing step file "C:/Users/paolo/src/3d/from_fusion_360\Hub Mattiolo\Project Paolo\Paolo\tripodhook.f3d\tripodhook v2.stp"
2023-01-01 15:22:43,258 - INFO - Writing stl file "C:/Users/paolo/src/3d/from_fusion_360\Hub Mattiolo\Project Paolo\Paolo\tripodhook.f3d\tripodhook v2.stl"
2023-01-01 15:22:44,011 - INFO - Writing stl body file "C:/Users/paolo/src/3d/from_fusion_360\Hub Mattiolo\Project Paolo\Paolo\tripodhook.f3d\tripodhook v2\Body1.stl"
2023-01-01 15:22:44,711 - INFO - Writing iges file "C:/Users/paolo/src/3d/from_fusion_360\Hub Mattiolo\Project Paolo\Paolo\tripodhook.f3d\tripodhook v2.igs"
2023-01-01 15:22:45,513 - INFO - Writing dxf sketch file "C:/Users/paolo/src/3d/from_fusion_360\Hub Mattiolo\Project Paolo\Paolo\tripodhook.f3d\tripodhook v2\Sketch1.dxf"
2023-01-01 15:22:45,516 - INFO - Finished exporting file "tripod_hook"
2023-01-01 15:22:45,878 - INFO - Exporting file "wheel_stopper"
2023-01-01 15:22:50,709 - INFO - Writing to "C:/Users/paolo/src/3d/from_fusion_360\Hub Mattiolo\Project Paolo\Paolo\wheelstopper.f3d"
2023-01-01 15:22:50,809 - INFO - Writing component "wheel_stopper v2" to "C:/Users/paolo/src/3d/from_fusion_360\Hub Mattiolo\Project Paolo\Paolo\wheelstopper.f3d"
2023-01-01 15:22:50,810 - INFO - Writing step file "C:/Users/paolo/src/3d/from_fusion_360\Hub Mattiolo\Project Paolo\Paolo\wheelstopper.f3d\wheelstopper v2.stp"
2023-01-01 15:22:51,696 - INFO - Writing stl file "C:/Users/paolo/src/3d/from_fusion_360\Hub Mattiolo\Project Paolo\Paolo\wheelstopper.f3d\wheelstopper v2.stl"
2023-01-01 15:22:52,389 - INFO - Writing stl body file "C:/Users/paolo/src/3d/from_fusion_360\Hub Mattiolo\Project Paolo\Paolo\wheelstopper.f3d\wheelstopper v2\Body1.stl"
2023-01-01 15:22:52,969 - INFO - Writing iges file "C:/Users/paolo/src/3d/from_fusion_360\Hub Mattiolo\Project Paolo\Paolo\wheelstopper.f3d\wheelstopper v2.igs"
2023-01-01 15:22:53,466 - INFO - Writing dxf sketch file "C:/Users/paolo/src/3d/from_fusion_360\Hub Mattiolo\Project Paolo\Paolo\wheelstopper.f3d\wheelstopper v2\Sketch1.dxf"
2023-01-01 15:22:53,469 - INFO - Finished exporting file "wheel_stopper"
2023-01-01 15:22:53,735 - INFO - Finished exporting project "Paolo"
2023-01-01 15:22:54,716 - INFO - Exporting project "Admin Project"
2023-01-01 15:22:55,481 - INFO - Exporting file "test"
2023-01-01 15:22:59,724 - INFO - Writing to "C:/Users/paolo/src/3d/from_fusion_360\Hub Mattiolo\Project Admin Project\Admin Project\test.f3d"
2023-01-01 15:22:59,841 - INFO - Writing component "test v2" to "C:/Users/paolo/src/3d/from_fusion_360\Hub Mattiolo\Project Admin Project\Admin Project\test.f3d"
2023-01-01 15:22:59,843 - INFO - Writing step file "C:/Users/paolo/src/3d/from_fusion_360\Hub Mattiolo\Project Admin Project\Admin Project\test.f3d\test v2.stp"
2023-01-01 15:23:00,416 - INFO - Writing stl file "C:/Users/paolo/src/3d/from_fusion_360\Hub Mattiolo\Project Admin Project\Admin Project\test.f3d\test v2.stl"
2023-01-01 15:23:00,940 - INFO - Writing stl body file "C:/Users/paolo/src/3d/from_fusion_360\Hub Mattiolo\Project Admin Project\Admin Project\test.f3d\test v2\Body1.stl"
2023-01-01 15:23:01,624 - INFO - Writing iges file "C:/Users/paolo/src/3d/from_fusion_360\Hub Mattiolo\Project Admin Project\Admin Project\test.f3d\test v2.igs"
2023-01-01 15:23:03,966 - INFO - Writing dxf sketch file "C:/Users/paolo/src/3d/from_fusion_360\Hub Mattiolo\Project Admin Project\Admin Project\test.f3d\test v2\Sketch1.dxf"
2023-01-01 15:23:03,969 - INFO - Writing dxf sketch file "C:/Users/paolo/src/3d/from_fusion_360\Hub Mattiolo\Project Admin Project\Admin Project\test.f3d\test v2\Sketch2.dxf"
2023-01-01 15:23:03,971 - INFO - Writing dxf sketch file "C:/Users/paolo/src/3d/from_fusion_360\Hub Mattiolo\Project Admin Project\Admin Project\test.f3d\test v2\Sketch3.dxf"
2023-01-01 15:23:03,974 - INFO - Writing dxf sketch file "C:/Users/paolo/src/3d/from_fusion_360\Hub Mattiolo\Project Admin Project\Admin Project\test.f3d\test v2\Sketch4.dxf"
2023-01-01 15:23:03,976 - INFO - Finished exporting file "test"
2023-01-01 15:23:04,324 - INFO - Exporting file "tweezer"
2023-01-01 15:23:09,222 - INFO - Writing to "C:/Users/paolo/src/3d/from_fusion_360\Hub Mattiolo\Project Admin Project\Admin Project\tweezer.f3d"
2023-01-01 15:23:09,286 - INFO - Writing component "tweezer v1" to "C:/Users/paolo/src/3d/from_fusion_360\Hub Mattiolo\Project Admin Project\Admin Project\tweezer.f3d"
2023-01-01 15:23:09,287 - INFO - Writing step file "C:/Users/paolo/src/3d/from_fusion_360\Hub Mattiolo\Project Admin Project\Admin Project\tweezer.f3d\tweezer v1.stp"
2023-01-01 15:23:10,269 - INFO - Writing stl file "C:/Users/paolo/src/3d/from_fusion_360\Hub Mattiolo\Project Admin Project\Admin Project\tweezer.f3d\tweezer v1.stl"
2023-01-01 15:23:10,271 - ERROR - Failed writing stl file "C:/Users/paolo/src/3d/from_fusion_360\Hub Mattiolo\Project Admin Project\Admin Project\tweezer.f3d\tweezer v1.stl"
Traceback (most recent call last):
  File "C:/Users/paolo/Downloads/fusion-360-total-exporter-master/fusion-360-total-exporter-master/Fusion 360 Total Export.py", line 244, in _write_stl
    options = export_manager.createSTLExportOptions(component, output_path)
  File "C:\Users/paolo/AppData/Local/Autodesk/webdeploy/production/b788673c90d05b91de61a3242d6fc03e30a0895b/Api/Python/packages\adsk\fusion.py", line 18139, in createSTLExportOptions
    return _fusion.ExportManager_createSTLExportOptions(self, *args)
RuntimeError: 3 : invalid geometry
2023-01-01 15:23:10,564 - INFO - Writing iges file "C:/Users/paolo/src/3d/from_fusion_360\Hub Mattiolo\Project Admin Project\Admin Project\tweezer.f3d\tweezer v1.igs"
2023-01-01 15:23:11,291 - INFO - Finished exporting file "tweezer"
2023-01-01 15:23:11,540 - INFO - Finished exporting project "Admin Project"
2023-01-01 15:23:11,959 - INFO - Exporting project "Assets"
2023-01-01 15:23:15,400 - INFO - Not exporting file "FullReportTemplate.html"
2023-01-01 15:23:15,525 - INFO - Not exporting file "DefaultReportTemplate.html"
2023-01-01 15:23:15,536 - INFO - Not exporting file "DefaultExportConfiguration.cfg"
2023-01-01 15:23:15,538 - INFO - Not exporting file "DefaultImportConfiguration.cfg"
2023-01-01 15:23:15,538 - INFO - Finished exporting project "Assets"
2023-01-01 15:23:15,538 - INFO - Exporting project "Default Project"
2023-01-01 15:23:15,969 - INFO - Exporting file "opener"
2023-01-01 15:23:19,898 - INFO - Writing to "C:/Users/paolo/src/3d/from_fusion_360\Hub Mattiolo\Project Default Project\Default Project\opener.f3d"
2023-01-01 15:23:20,019 - INFO - Writing component "opener v3" to "C:/Users/paolo/src/3d/from_fusion_360\Hub Mattiolo\Project Default Project\Default Project\opener.f3d"
2023-01-01 15:23:20,020 - INFO - Writing step file "C:/Users/paolo/src/3d/from_fusion_360\Hub Mattiolo\Project Default Project\Default Project\opener.f3d\opener v3.stp"
2023-01-01 15:23:20,844 - INFO - Writing stl file "C:/Users/paolo/src/3d/from_fusion_360\Hub Mattiolo\Project Default Project\Default Project\opener.f3d\opener v3.stl"
2023-01-01 15:23:21,441 - INFO - Writing stl body file "C:/Users/paolo/src/3d/from_fusion_360\Hub Mattiolo\Project Default Project\Default Project\opener.f3d\opener v3\Body1.stl"
2023-01-01 15:23:21,986 - INFO - Writing iges file "C:/Users/paolo/src/3d/from_fusion_360\Hub Mattiolo\Project Default Project\Default Project\opener.f3d\opener v3.igs"
2023-01-01 15:23:22,616 - INFO - Writing dxf sketch file "C:/Users/paolo/src/3d/from_fusion_360\Hub Mattiolo\Project Default Project\Default Project\opener.f3d\opener v3\Sketch1.dxf"
2023-01-01 15:23:22,619 - INFO - Writing dxf sketch file "C:/Users/paolo/src/3d/from_fusion_360\Hub Mattiolo\Project Default Project\Default Project\opener.f3d\opener v3\Sketch2.dxf"
2023-01-01 15:23:22,622 - INFO - Writing dxf sketch file "C:/Users/paolo/src/3d/from_fusion_360\Hub Mattiolo\Project Default Project\Default Project\opener.f3d\opener v3\Sketch7.dxf"
2023-01-01 15:23:22,625 - INFO - Finished exporting file "opener"
2023-01-01 15:23:22,899 - INFO - Finished exporting project "Default Project"
2023-01-01 15:23:22,900 - INFO - Finished exporting hub "Mattiolo"
2023-01-01 15:23:22,968 - INFO - Done exporting!
